<?xml version="1.0" encoding="UTF-8"?>
<testsuites name="Find-place-suite" time="29.778" tests="2" failures="0" errors="0">
   <testsuite name="Find-place-suite" tests="2" failures="0" errors="0" time="29.778" skipped="0" timestamp="2566-11-06 11:24:14" hostname="Wisanu - GA006556-Wisanu" id="Test Suites/Data-Driven-Test-Suite/Find-place-suite">
      <properties>
         <property name="deviceName" value=""/>
         <property name="devicePlatform" value=""/>
         <property name="logFolder" value="C:\\Users\\Admin\\git\\web-testing-demo\\Reports\\25661106_112404\\Data-Driven-Test-Suite\\Find-place-suite\\25661106_112404"/>
         <property name="logFiles" value="C:\\Users\\Admin\\git\\web-testing-demo\\Reports\\25661106_112404\\Data-Driven-Test-Suite\\Find-place-suite\\25661106_112404\\execution0.log"/>
         <property name="attachments" value=""/>
         <property name="hostName" value="Wisanu - GA006556-Wisanu"/>
         <property name="os" value="Windows 11 64bit"/>
         <property name="katalonVersion" value="8.6.6.208"/>
         <property name="browser" value="Chrome 118.0.0.0"/>
         <property name="hostAddress" value="192.168.1.5"/>
         <property name="sessionId" value="6b77152b1deb87726e1f1be86e8f03ca"/>
         <property name="seleniumVersion" value="3.141.59"/>
         <property name="proxyInformation" value="ProxyInformation { proxyOption=NO_PROXY, proxyServerType=HTTP, username=, password=********, proxyServerAddress=, proxyServerPort=0, executionList=&quot;&quot;, isApplyToDesiredCapabilities=true }"/>
         <property name="platform" value="Windows 11"/>
      </properties>
      <testcase name="Test Cases/Data-Driven Testing/Find a place" time="12.774" classname="Test Cases/Data-Driven Testing/Find a place" status="PASSED">
         <system-out><![CDATA[2566-11-06 11:24:15 - [TEST_CASE][PASSED] - Test Cases/Data-Driven Testing/Find a place: Test Cases/Data-Driven Testing/Find a place

2566-11-06 11:24:15 - [TEST_STEP][PASSED] - openBrowser(""): Browser is opened with url: ''

2566-11-06 11:24:15 - [MESSAGE][INFO] - Starting 'Chrome' driver

2566-11-06 11:24:15 - [MESSAGE][INFO] - Action delay is set to 0 milliseconds

2566-11-06 11:24:18 - [MESSAGE][PASSED] - Browser is opened with url: ''

2566-11-06 11:24:18 - [TEST_STEP][PASSED] - navigateToUrl("https://www.airbnb.com/"): Navigate to 'https://www.airbnb.com/' successfully

2566-11-06 11:24:20 - [MESSAGE][PASSED] - Navigate to 'https://www.airbnb.com/' successfully

2566-11-06 11:24:20 - [TEST_STEP][PASSED] - click(findTestObject("Object Repository/Page_Vacation Homes  Condo Rentals - Airbnb/div_Anywhere")): Object: 'Object Repository/Page_Vacation Homes  Condo Rentals - Airbnb/div_Anywhere' is clicked on

2566-11-06 11:24:22 - [MESSAGE][PASSED] - Object: 'Object Repository/Page_Vacation Homes  Condo Rentals - Airbnb/div_Anywhere' is clicked on

2566-11-06 11:24:22 - [TEST_STEP][PASSED] - click(findTestObject("Object Repository/Page_Vacation Homes  Condo Rentals - Airbnb/img_Europe_i1q1697z dir dir-ltr")): Object: 'Object Repository/Page_Vacation Homes  Condo Rentals - Airbnb/img_Europe_i1q1697z dir dir-ltr' is clicked on

2566-11-06 11:24:23 - [MESSAGE][PASSED] - Object: 'Object Repository/Page_Vacation Homes  Condo Rentals - Airbnb/img_Europe_i1q1697z dir dir-ltr' is clicked on

2566-11-06 11:24:23 - [TEST_STEP][PASSED] - click(findTestObject("Object Repository/Page_Vacation Homes  Condo Rentals - Airbnb/div_9")): Object: 'Object Repository/Page_Vacation Homes  Condo Rentals - Airbnb/div_9' is clicked on

2566-11-06 11:24:24 - [MESSAGE][PASSED] - Object: 'Object Repository/Page_Vacation Homes  Condo Rentals - Airbnb/div_9' is clicked on

2566-11-06 11:24:24 - [TEST_STEP][PASSED] - click(findTestObject("Object Repository/Page_Vacation Homes  Condo Rentals - Airbnb/div_7")): Object: 'Object Repository/Page_Vacation Homes  Condo Rentals - Airbnb/div_7' is clicked on

2566-11-06 11:24:25 - [MESSAGE][PASSED] - Object: 'Object Repository/Page_Vacation Homes  Condo Rentals - Airbnb/div_7' is clicked on

2566-11-06 11:24:25 - [TEST_STEP][PASSED] - click(findTestObject("Object Repository/Page_Vacation Homes  Condo Rentals - Airbnb/div_WhoAdd guests")): Object: 'Object Repository/Page_Vacation Homes  Condo Rentals - Airbnb/div_WhoAdd guests' is clicked on

2566-11-06 11:24:25 - [MESSAGE][PASSED] - Object: 'Object Repository/Page_Vacation Homes  Condo Rentals - Airbnb/div_WhoAdd guests' is clicked on

2566-11-06 11:24:25 - [TEST_STEP][PASSED] - click(findTestObject("Object Repository/Page_Vacation Homes  Condo Rentals - Airbnb/svg")): Object: 'Object Repository/Page_Vacation Homes  Condo Rentals - Airbnb/svg' is clicked on

2566-11-06 11:24:26 - [MESSAGE][PASSED] - Object: 'Object Repository/Page_Vacation Homes  Condo Rentals - Airbnb/svg' is clicked on

2566-11-06 11:24:26 - [TEST_STEP][PASSED] - click(findTestObject("Object Repository/Page_Vacation Homes  Condo Rentals - Airbnb/span_Add guests_t1dqvypu dir dir-ltr")): Object: 'Object Repository/Page_Vacation Homes  Condo Rentals - Airbnb/span_Add guests_t1dqvypu dir dir-ltr' is clicked on

2566-11-06 11:24:27 - [MESSAGE][PASSED] - Object: 'Object Repository/Page_Vacation Homes  Condo Rentals - Airbnb/span_Add guests_t1dqvypu dir dir-ltr' is clicked on

2566-11-06 11:24:27 - [TEST_STEP][PASSED] - closeBrowser(): Browser is closed

2566-11-06 11:24:27 - [MESSAGE][PASSED] - Browser is closed]]></system-out>
         <system-err><![CDATA[]]></system-err>
      </testcase>
      <testcase name="Test Cases/Data-Driven Testing/Find a place with data" time="16.732" classname="Test Cases/Data-Driven Testing/Find a place with data" status="PASSED">
         <system-out><![CDATA[2566-11-06 11:24:27 - [TEST_CASE][PASSED] - Test Cases/Data-Driven Testing/Find a place with data: Test Cases/Data-Driven Testing/Find a place with data

2566-11-06 11:24:28 - [TEST_STEP][PASSED] - openBrowser(""): Browser is opened with url: ''

2566-11-06 11:24:28 - [MESSAGE][INFO] - Starting 'Chrome' driver

2566-11-06 11:24:28 - [MESSAGE][INFO] - Action delay is set to 0 milliseconds

2566-11-06 11:24:29 - [MESSAGE][PASSED] - Browser is opened with url: ''

2566-11-06 11:24:29 - [TEST_STEP][PASSED] - navigateToUrl("https://www.airbnb.com/"): Navigate to 'https://www.airbnb.com/' successfully

2566-11-06 11:24:31 - [MESSAGE][PASSED] - Navigate to 'https://www.airbnb.com/' successfully

2566-11-06 11:24:31 - [TEST_STEP][PASSED] - click(findTestObject("Object Repository/Page_Vacation Homes  Condo Rentals - Airbnb/div_Anywhere")): Object: 'Object Repository/Page_Vacation Homes  Condo Rentals - Airbnb/div_Anywhere' is clicked on

2566-11-06 11:24:33 - [MESSAGE][PASSED] - Object: 'Object Repository/Page_Vacation Homes  Condo Rentals - Airbnb/div_Anywhere' is clicked on

2566-11-06 11:24:33 - [TEST_STEP][PASSED] - setText(findTestObject("Object Repository/Page_Vacation Homes  Condo Rentals - Airbnb/input_Where_query"), city): Text 'Atlanta' is set on object 'Object Repository/Page_Vacation Homes  Condo Rentals - Airbnb/input_Where_query'

2566-11-06 11:24:35 - [MESSAGE][PASSED] - Text 'Atlanta' is set on object 'Object Repository/Page_Vacation Homes  Condo Rentals - Airbnb/input_Where_query'

2566-11-06 11:24:35 - [TEST_STEP][PASSED] - click(findTestObject("Object Repository/Page_Vacation Homes  Condo Rentals - Airbnb/div_Add dates")): Object: 'Object Repository/Page_Vacation Homes  Condo Rentals - Airbnb/div_Add dates' is clicked on

2566-11-06 11:24:36 - [MESSAGE][PASSED] - Object: 'Object Repository/Page_Vacation Homes  Condo Rentals - Airbnb/div_Add dates' is clicked on

2566-11-06 11:24:36 - [TEST_STEP][PASSED] - click(findTestObject("Object Repository/Page_Vacation Homes  Condo Rentals - Airbnb/div_1")): Object: 'Object Repository/Page_Vacation Homes  Condo Rentals - Airbnb/div_1' is clicked on

2566-11-06 11:24:36 - [MESSAGE][PASSED] - Object: 'Object Repository/Page_Vacation Homes  Condo Rentals - Airbnb/div_1' is clicked on

2566-11-06 11:24:36 - [TEST_STEP][PASSED] - click(findTestObject("Object Repository/Page_Vacation Homes  Condo Rentals - Airbnb/div_3")): Object: 'Object Repository/Page_Vacation Homes  Condo Rentals - Airbnb/div_3' is clicked on

2566-11-06 11:24:37 - [MESSAGE][PASSED] - Object: 'Object Repository/Page_Vacation Homes  Condo Rentals - Airbnb/div_3' is clicked on

2566-11-06 11:24:37 - [TEST_STEP][PASSED] - click(findTestObject("Object Repository/Page_Vacation Homes  Condo Rentals - Airbnb/div_WhoAdd guests")): Object: 'Object Repository/Page_Vacation Homes  Condo Rentals - Airbnb/div_WhoAdd guests' is clicked on

2566-11-06 11:24:38 - [MESSAGE][PASSED] - Object: 'Object Repository/Page_Vacation Homes  Condo Rentals - Airbnb/div_WhoAdd guests' is clicked on

2566-11-06 11:24:38 - [TEST_STEP][PASSED] - click(findTestObject("Object Repository/Page_Vacation Homes  Condo Rentals - Airbnb/svg")): Object: 'Object Repository/Page_Vacation Homes  Condo Rentals - Airbnb/svg' is clicked on

2566-11-06 11:24:39 - [MESSAGE][PASSED] - Object: 'Object Repository/Page_Vacation Homes  Condo Rentals - Airbnb/svg' is clicked on

2566-11-06 11:24:39 - [TEST_STEP][PASSED] - click(findTestObject("Object Repository/Page_Vacation Homes  Condo Rentals - Airbnb/span_Add guests_t1dqvypu dir dir-ltr")): Object: 'Object Repository/Page_Vacation Homes  Condo Rentals - Airbnb/span_Add guests_t1dqvypu dir dir-ltr' is clicked on

2566-11-06 11:24:39 - [MESSAGE][PASSED] - Object: 'Object Repository/Page_Vacation Homes  Condo Rentals - Airbnb/span_Add guests_t1dqvypu dir dir-ltr' is clicked on

2566-11-06 11:24:39 - [TEST_STEP][PASSED] - verifyElementText(findTestObject("Object Repository/Page_Airbnb  Atlanta - Vacation Rentals  Pl_24d410/div_Atlanta"), expectedResult): Actual text and expected text of test object 'Object Repository/Page_Airbnb  Atlanta - Vacation Rentals  Pl_24d410/div_Atlanta' are matched.

2566-11-06 11:24:43 - [MESSAGE][PASSED] - Actual text and expected text of test object 'Object Repository/Page_Airbnb  Atlanta - Vacation Rentals  Pl_24d410/div_Atlanta' are matched.

2566-11-06 11:24:43 - [TEST_STEP][PASSED] - closeBrowser(): Browser is closed

2566-11-06 11:24:44 - [MESSAGE][PASSED] - Browser is closed]]></system-out>
         <system-err><![CDATA[]]></system-err>
      </testcase>
      <system-out><![CDATA[2566-11-06 11:24:14 - [TEST_SUITE][PASSED] - Find-place-suite: Test Cases/Data-Driven Testing/Find a place with data]]></system-out>
      <system-err><![CDATA[]]></system-err>
   </testsuite>
</testsuites>
