<?xml version="1.0" encoding="UTF-8"?>
<testsuites name="New Test Suite" time="7.708" tests="1" failures="0" errors="0">
   <testsuite name="New Test Suite" tests="1" failures="0" errors="0" time="7.708" skipped="0" timestamp="2566-11-08 09:47:08" hostname="Wisanu - GA006556-Wisanu" id="Test Suites/New Test Suite">
      <properties>
         <property name="deviceName" value=""/>
         <property name="devicePlatform" value=""/>
         <property name="logFolder" value="C:\\Users\\Admin\\git\\web-testing-demo\\Reports\\25661108_094653\\New Test Suite\\25661108_094653"/>
         <property name="logFiles" value="C:\\Users\\Admin\\git\\web-testing-demo\\Reports\\25661108_094653\\New Test Suite\\25661108_094653\\execution0.log"/>
         <property name="attachments" value="C:\\Users\\Admin\\git\\web-testing-demo\\Reports\\25661108_094653\\New Test Suite\\25661108_094653\\1699411636121.png"/>
         <property name="hostName" value="Wisanu - GA006556-Wisanu"/>
         <property name="os" value="Windows 11 64bit"/>
         <property name="katalonVersion" value="8.6.6.208"/>
         <property name="browser" value="Chrome 118.0.0.0"/>
         <property name="hostAddress" value="192.168.1.5"/>
         <property name="sessionId" value="48515dbd10da655fd272ad83a0ba7f89"/>
         <property name="seleniumVersion" value="3.141.59"/>
         <property name="proxyInformation" value="ProxyInformation { proxyOption=NO_PROXY, proxyServerType=HTTP, username=, password=********, proxyServerAddress=, proxyServerPort=0, executionList=&quot;&quot;, isApplyToDesiredCapabilities=true }"/>
         <property name="platform" value="Windows 11"/>
      </properties>
      <testcase name="Test Cases/Training-XPATH/New Test Case" time="7.232" classname="Test Cases/Training-XPATH/New Test Case" status="PASSED">
         <system-out><![CDATA[2566-11-08 09:47:09 - [TEST_CASE][PASSED] - Test Cases/Training-XPATH/New Test Case: Test Cases/Training-XPATH/New Test Case

2566-11-08 09:47:09 - [TEST_STEP][PASSED] - openBrowser(""): Browser is opened with url: ''

2566-11-08 09:47:09 - [MESSAGE][INFO] - Starting 'Chrome' driver

2566-11-08 09:47:09 - [MESSAGE][INFO] - Action delay is set to 0 milliseconds

2566-11-08 09:47:14 - [MESSAGE][PASSED] - Browser is opened with url: ''

2566-11-08 09:47:14 - [TEST_STEP][PASSED] - navigateToUrl("https://www.google.com"): Navigate to 'https://www.google.com' successfully

2566-11-08 09:47:15 - [MESSAGE][PASSED] - Navigate to 'https://www.google.com' successfully

2566-11-08 09:47:15 - [TEST_STEP][PASSED] - maximizeWindow(): Current window maximized

2566-11-08 09:47:15 - [MESSAGE][PASSED] - Current window maximized

2566-11-08 09:47:15 - [TEST_STEP][PASSED] - takeScreenshot(): Taking screenshot successfully

2566-11-08 09:47:16 - [MESSAGE][PASSED] - Taking screenshot successfully
[[ATTACHMENT|C:\\Users\\Admin\\git\\web-testing-demo\\Reports\\25661108_094653\\New Test Suite\\25661108_094653\\1699411636121.png]]]]></system-out>
         <system-err><![CDATA[]]></system-err>
      </testcase>
      <system-out><![CDATA[2566-11-08 09:47:08 - [TEST_SUITE][PASSED] - New Test Suite: Test Cases/Training-XPATH/New Test Case]]></system-out>
      <system-err><![CDATA[]]></system-err>
   </testsuite>
</testsuites>
