<?xml version="1.0" encoding="UTF-8"?>
<testsuites name="New Test Suite" time="9.196" tests="1" failures="0" errors="0">
   <testsuite name="New Test Suite" tests="1" failures="0" errors="0" time="9.196" skipped="0" timestamp="2566-11-08 09:33:24" hostname="Wisanu - GA006556-Wisanu" id="Test Suites/New Test Suite">
      <properties>
         <property name="deviceName" value=""/>
         <property name="devicePlatform" value=""/>
         <property name="logFolder" value="C:\\Users\\Admin\\git\\web-testing-demo\\Reports\\25661108_093312\\New Test Suite\\25661108_093313"/>
         <property name="logFiles" value="C:\\Users\\Admin\\git\\web-testing-demo\\Reports\\25661108_093312\\New Test Suite\\25661108_093313\\execution0.log"/>
         <property name="attachments" value="C:\\Users\\Admin\\git\\web-testing-demo\\Reports\\25661108_093312\\New Test Suite\\25661108_093313\\TEST"/>
         <property name="hostName" value="Wisanu - GA006556-Wisanu"/>
         <property name="os" value="Windows 11 64bit"/>
         <property name="katalonVersion" value="8.6.6.208"/>
         <property name="browser" value="Chrome 118.0.0.0"/>
         <property name="hostAddress" value="192.168.1.5"/>
         <property name="sessionId" value="d78bd2675b832d62af91d4ca08304a92"/>
         <property name="seleniumVersion" value="3.141.59"/>
         <property name="proxyInformation" value="ProxyInformation { proxyOption=NO_PROXY, proxyServerType=HTTP, username=, password=********, proxyServerAddress=, proxyServerPort=0, executionList=&quot;&quot;, isApplyToDesiredCapabilities=true }"/>
         <property name="platform" value="Windows 11"/>
      </properties>
      <testcase name="Test Cases/Training-XPATH/XPATH-EX05" time="8.892" classname="Test Cases/Training-XPATH/XPATH-EX05" status="PASSED">
         <system-out><![CDATA[2566-11-08 09:33:24 - [TEST_CASE][PASSED] - Test Cases/Training-XPATH/XPATH-EX05: Test Cases/Training-XPATH/XPATH-EX05

2566-11-08 09:33:25 - [TEST_STEP][PASSED] - openBrowser(""): Browser is opened with url: ''

2566-11-08 09:33:25 - [MESSAGE][INFO] - Starting 'Chrome' driver

2566-11-08 09:33:25 - [MESSAGE][INFO] - Action delay is set to 0 milliseconds

2566-11-08 09:33:28 - [MESSAGE][PASSED] - Browser is opened with url: ''

2566-11-08 09:33:28 - [TEST_STEP][PASSED] - navigateToUrl("D:\Katalon Training\Exercise - XParth\ex05.html"): Navigate to 'file:/D:/Katalon%20Training/Exercise%20-%20XParth/ex05.html' successfully

2566-11-08 09:33:29 - [MESSAGE][PASSED] - Navigate to 'file:/D:/Katalon%20Training/Exercise%20-%20XParth/ex05.html' successfully

2566-11-08 09:33:29 - [TEST_STEP][PASSED] - setText(findTestObject("Training-XPATH/EX05/username"), "testuser"): Text 'testuser' is set on object 'Object Repository/Training-XPATH/EX05/username'

2566-11-08 09:33:30 - [MESSAGE][PASSED] - Text 'testuser' is set on object 'Object Repository/Training-XPATH/EX05/username'

2566-11-08 09:33:30 - [TEST_STEP][PASSED] - setText(findTestObject("Training-XPATH/EX05/password"), "testpass"): Text 'testpass' is set on object 'Object Repository/Training-XPATH/EX05/password'

2566-11-08 09:33:31 - [MESSAGE][PASSED] - Text 'testpass' is set on object 'Object Repository/Training-XPATH/EX05/password'

2566-11-08 09:33:31 - [TEST_STEP][PASSED] - setText(findTestObject("Training-XPATH/EX05/nickname"), "testnickname"): Text 'testnickname' is set on object 'Object Repository/Training-XPATH/EX05/nickname'

2566-11-08 09:33:31 - [MESSAGE][PASSED] - Text 'testnickname' is set on object 'Object Repository/Training-XPATH/EX05/nickname'

2566-11-08 09:33:31 - [TEST_STEP][PASSED] - click(findTestObject("Training-XPATH/EX05/Dropdown")): Object: 'Object Repository/Training-XPATH/EX05/Dropdown' is clicked on

2566-11-08 09:33:32 - [MESSAGE][PASSED] - Object: 'Object Repository/Training-XPATH/EX05/Dropdown' is clicked on

2566-11-08 09:33:32 - [TEST_STEP][PASSED] - click(findTestObject("Training-XPATH/EX05/Doppio")): Object: 'Object Repository/Training-XPATH/EX05/Doppio' is clicked on

2566-11-08 09:33:32 - [MESSAGE][PASSED] - Object: 'Object Repository/Training-XPATH/EX05/Doppio' is clicked on

2566-11-08 09:33:32 - [TEST_STEP][PASSED] - click(findTestObject("Training-XPATH/EX05/checkbox-Iamfine")): Object: 'Object Repository/Training-XPATH/EX05/checkbox-Iamfine' is clicked on

2566-11-08 09:33:33 - [MESSAGE][PASSED] - Object: 'Object Repository/Training-XPATH/EX05/checkbox-Iamfine' is clicked on

2566-11-08 09:33:33 - [TEST_STEP][PASSED] - takeScreenshot("TEST"): Taking screenshot successfully

2566-11-08 09:33:33 - [MESSAGE][PASSED] - Taking screenshot successfully
[[ATTACHMENT|C:\\Users\\Admin\\git\\web-testing-demo\\Reports\\25661108_093312\\New Test Suite\\25661108_093313\\TEST]]

2566-11-08 09:33:33 - [TEST_STEP][PASSED] - click(findTestObject("Training-XPATH/EX05/finish-button")): Object: 'Object Repository/Training-XPATH/EX05/finish-button' is clicked on

2566-11-08 09:33:33 - [MESSAGE][PASSED] - Object: 'Object Repository/Training-XPATH/EX05/finish-button' is clicked on]]></system-out>
         <system-err><![CDATA[]]></system-err>
      </testcase>
      <system-out><![CDATA[2566-11-08 09:33:24 - [TEST_SUITE][PASSED] - New Test Suite: Test Cases/Training-XPATH/XPATH-EX05]]></system-out>
      <system-err><![CDATA[]]></system-err>
   </testsuite>
</testsuites>
