<?xml version="1.0" encoding="UTF-8"?>
<testsuites name="Test-XPATH" time="31.347" tests="6" failures="0" errors="0">
   <testsuite name="Test-XPATH" tests="6" failures="0" errors="0" time="31.347" skipped="0" timestamp="2566-11-07 18:44:11" hostname="Wisanu - GA006556-Wisanu" id="Test Suites/Test-XPATH">
      <properties>
         <property name="deviceName" value=""/>
         <property name="devicePlatform" value=""/>
         <property name="logFolder" value="C:\\Users\\Admin\\git\\web-testing-demo\\Reports\\25661107_184401\\Test-XPATH\\25661107_184401"/>
         <property name="logFiles" value="C:\\Users\\Admin\\git\\web-testing-demo\\Reports\\25661107_184401\\Test-XPATH\\25661107_184401\\execution0.log"/>
         <property name="attachments" value=""/>
         <property name="hostName" value="Wisanu - GA006556-Wisanu"/>
         <property name="os" value="Windows 11 64bit"/>
         <property name="katalonVersion" value="8.6.6.208"/>
         <property name="browser" value="Chrome 118.0.0.0"/>
         <property name="hostAddress" value="192.168.1.5"/>
         <property name="sessionId" value="dbc7b49cf0e6cfc123f28852c630548e"/>
         <property name="seleniumVersion" value="3.141.59"/>
         <property name="proxyInformation" value="ProxyInformation { proxyOption=NO_PROXY, proxyServerType=HTTP, username=, password=********, proxyServerAddress=, proxyServerPort=0, executionList=&quot;&quot;, isApplyToDesiredCapabilities=true }"/>
         <property name="platform" value="Windows 11"/>
      </properties>
      <testcase name="Test Cases/Training-XPATH/XPATH-EX00" time="6.202" classname="Test Cases/Training-XPATH/XPATH-EX00" status="PASSED">
         <system-out><![CDATA[2566-11-07 18:44:11 - [TEST_CASE][PASSED] - Test Cases/Training-XPATH/XPATH-EX00: Test Cases/Training-XPATH/XPATH-EX00

2566-11-07 18:44:12 - [TEST_STEP][PASSED] - openBrowser(""): Browser is opened with url: ''

2566-11-07 18:44:12 - [MESSAGE][INFO] - Starting 'Chrome' driver

2566-11-07 18:44:12 - [MESSAGE][INFO] - Action delay is set to 0 milliseconds

2566-11-07 18:44:15 - [MESSAGE][PASSED] - Browser is opened with url: ''

2566-11-07 18:44:15 - [TEST_STEP][PASSED] - navigateToUrl("D:\Katalon Training\Exercise - XParth\ex00.html"): Navigate to 'file:/D:/Katalon%20Training/Exercise%20-%20XParth/ex00.html' successfully

2566-11-07 18:44:15 - [MESSAGE][PASSED] - Navigate to 'file:/D:/Katalon%20Training/Exercise%20-%20XParth/ex00.html' successfully

2566-11-07 18:44:15 - [TEST_STEP][PASSED] - setText(findTestObject("Training-XPATH/EX00/Username"), "TESTUSER01"): Text 'TESTUSER01' is set on object 'Object Repository/Training-XPATH/EX00/Username'

2566-11-07 18:44:16 - [MESSAGE][PASSED] - Text 'TESTUSER01' is set on object 'Object Repository/Training-XPATH/EX00/Username'

2566-11-07 18:44:16 - [TEST_STEP][PASSED] - setText(findTestObject("Training-XPATH/EX00/Password"), "P@ssw0rd"): Text 'P@ssw0rd' is set on object 'Object Repository/Training-XPATH/EX00/Password'

2566-11-07 18:44:17 - [MESSAGE][PASSED] - Text 'P@ssw0rd' is set on object 'Object Repository/Training-XPATH/EX00/Password'

2566-11-07 18:44:17 - [TEST_STEP][PASSED] - closeBrowser(): Browser is closed

2566-11-07 18:44:18 - [MESSAGE][PASSED] - Browser is closed]]></system-out>
         <system-err><![CDATA[]]></system-err>
      </testcase>
      <testcase name="Test Cases/Training-XPATH/XPATH-EX01" time="4.262" classname="Test Cases/Training-XPATH/XPATH-EX01" status="PASSED">
         <system-out><![CDATA[2566-11-07 18:44:18 - [TEST_CASE][PASSED] - Test Cases/Training-XPATH/XPATH-EX01: Test Cases/Training-XPATH/XPATH-EX01

2566-11-07 18:44:18 - [TEST_STEP][PASSED] - openBrowser(""): Browser is opened with url: ''

2566-11-07 18:44:18 - [MESSAGE][INFO] - Starting 'Chrome' driver

2566-11-07 18:44:18 - [MESSAGE][INFO] - Action delay is set to 0 milliseconds

2566-11-07 18:44:19 - [MESSAGE][PASSED] - Browser is opened with url: ''

2566-11-07 18:44:19 - [TEST_STEP][PASSED] - navigateToUrl("D:\Katalon Training\Exercise - XParth\ex01.html"): Navigate to 'file:/D:/Katalon%20Training/Exercise%20-%20XParth/ex01.html' successfully

2566-11-07 18:44:20 - [MESSAGE][PASSED] - Navigate to 'file:/D:/Katalon%20Training/Exercise%20-%20XParth/ex01.html' successfully

2566-11-07 18:44:20 - [TEST_STEP][PASSED] - setText(findTestObject("Training-XPATH/EX01/Username"), "TESTUSER"): Text 'TESTUSER' is set on object 'Object Repository/Training-XPATH/EX01/Username'

2566-11-07 18:44:20 - [MESSAGE][PASSED] - Text 'TESTUSER' is set on object 'Object Repository/Training-XPATH/EX01/Username'

2566-11-07 18:44:20 - [TEST_STEP][PASSED] - setText(findTestObject("Training-XPATH/EX01/Password"), "TESTPASS"): Text 'TESTPASS' is set on object 'Object Repository/Training-XPATH/EX01/Password'

2566-11-07 18:44:21 - [MESSAGE][PASSED] - Text 'TESTPASS' is set on object 'Object Repository/Training-XPATH/EX01/Password'

2566-11-07 18:44:21 - [TEST_STEP][PASSED] - closeBrowser(): Browser is closed

2566-11-07 18:44:22 - [MESSAGE][PASSED] - Browser is closed]]></system-out>
         <system-err><![CDATA[]]></system-err>
      </testcase>
      <testcase name="Test Cases/Training-XPATH/XPATH-EX02" time="4.298" classname="Test Cases/Training-XPATH/XPATH-EX02" status="PASSED">
         <system-out><![CDATA[2566-11-07 18:44:22 - [TEST_CASE][PASSED] - Test Cases/Training-XPATH/XPATH-EX02: Test Cases/Training-XPATH/XPATH-EX02

2566-11-07 18:44:22 - [TEST_STEP][PASSED] - openBrowser(""): Browser is opened with url: ''

2566-11-07 18:44:22 - [MESSAGE][INFO] - Starting 'Chrome' driver

2566-11-07 18:44:22 - [MESSAGE][INFO] - Action delay is set to 0 milliseconds

2566-11-07 18:44:24 - [MESSAGE][PASSED] - Browser is opened with url: ''

2566-11-07 18:44:24 - [TEST_STEP][PASSED] - navigateToUrl("D:\Katalon Training\Exercise - XParth\ex02.html"): Navigate to 'file:/D:/Katalon%20Training/Exercise%20-%20XParth/ex02.html' successfully

2566-11-07 18:44:24 - [MESSAGE][PASSED] - Navigate to 'file:/D:/Katalon%20Training/Exercise%20-%20XParth/ex02.html' successfully

2566-11-07 18:44:24 - [TEST_STEP][PASSED] - setText(findTestObject("Training-XPATH/EX02/Username"), "testuser"): Text 'testuser' is set on object 'Object Repository/Training-XPATH/EX02/Username'

2566-11-07 18:44:25 - [MESSAGE][PASSED] - Text 'testuser' is set on object 'Object Repository/Training-XPATH/EX02/Username'

2566-11-07 18:44:25 - [TEST_STEP][PASSED] - setText(findTestObject("Training-XPATH/EX02/Password"), "testpass"): Text 'testpass' is set on object 'Object Repository/Training-XPATH/EX02/Password'

2566-11-07 18:44:25 - [MESSAGE][PASSED] - Text 'testpass' is set on object 'Object Repository/Training-XPATH/EX02/Password'

2566-11-07 18:44:25 - [TEST_STEP][PASSED] - closeBrowser(): Browser is closed

2566-11-07 18:44:26 - [MESSAGE][PASSED] - Browser is closed]]></system-out>
         <system-err><![CDATA[]]></system-err>
      </testcase>
      <testcase name="Test Cases/Training-XPATH/XPATH-EX03" time="4.228" classname="Test Cases/Training-XPATH/XPATH-EX03" status="PASSED">
         <system-out><![CDATA[2566-11-07 18:44:26 - [TEST_CASE][PASSED] - Test Cases/Training-XPATH/XPATH-EX03: Test Cases/Training-XPATH/XPATH-EX03

2566-11-07 18:44:26 - [TEST_STEP][PASSED] - openBrowser(""): Browser is opened with url: ''

2566-11-07 18:44:26 - [MESSAGE][INFO] - Starting 'Chrome' driver

2566-11-07 18:44:26 - [MESSAGE][INFO] - Action delay is set to 0 milliseconds

2566-11-07 18:44:28 - [MESSAGE][PASSED] - Browser is opened with url: ''

2566-11-07 18:44:28 - [TEST_STEP][PASSED] - navigateToUrl("D:\Katalon Training\Exercise - XParth\ex03.html"): Navigate to 'file:/D:/Katalon%20Training/Exercise%20-%20XParth/ex03.html' successfully

2566-11-07 18:44:28 - [MESSAGE][PASSED] - Navigate to 'file:/D:/Katalon%20Training/Exercise%20-%20XParth/ex03.html' successfully

2566-11-07 18:44:28 - [TEST_STEP][PASSED] - setText(findTestObject("Training-XPATH/EX03/username"), "testuser"): Text 'testuser' is set on object 'Object Repository/Training-XPATH/EX03/username'

2566-11-07 18:44:29 - [MESSAGE][PASSED] - Text 'testuser' is set on object 'Object Repository/Training-XPATH/EX03/username'

2566-11-07 18:44:29 - [TEST_STEP][PASSED] - setText(findTestObject("Training-XPATH/EX03/password"), "testpass"): Text 'testpass' is set on object 'Object Repository/Training-XPATH/EX03/password'

2566-11-07 18:44:30 - [MESSAGE][PASSED] - Text 'testpass' is set on object 'Object Repository/Training-XPATH/EX03/password'

2566-11-07 18:44:30 - [TEST_STEP][PASSED] - closeBrowser(): Browser is closed

2566-11-07 18:44:30 - [MESSAGE][PASSED] - Browser is closed]]></system-out>
         <system-err><![CDATA[]]></system-err>
      </testcase>
      <testcase name="Test Cases/Training-XPATH/XPATH-EX04" time="5.345" classname="Test Cases/Training-XPATH/XPATH-EX04" status="PASSED">
         <system-out><![CDATA[2566-11-07 18:44:30 - [TEST_CASE][PASSED] - Test Cases/Training-XPATH/XPATH-EX04: Test Cases/Training-XPATH/XPATH-EX04

2566-11-07 18:44:31 - [TEST_STEP][PASSED] - openBrowser(""): Browser is opened with url: ''

2566-11-07 18:44:31 - [MESSAGE][INFO] - Starting 'Chrome' driver

2566-11-07 18:44:31 - [MESSAGE][INFO] - Action delay is set to 0 milliseconds

2566-11-07 18:44:32 - [MESSAGE][PASSED] - Browser is opened with url: ''

2566-11-07 18:44:32 - [TEST_STEP][PASSED] - navigateToUrl("D:\Katalon Training\Exercise - XParth\ex04.html"): Navigate to 'file:/D:/Katalon%20Training/Exercise%20-%20XParth/ex04.html' successfully

2566-11-07 18:44:32 - [MESSAGE][PASSED] - Navigate to 'file:/D:/Katalon%20Training/Exercise%20-%20XParth/ex04.html' successfully

2566-11-07 18:44:32 - [TEST_STEP][PASSED] - setText(findTestObject("Training-XPATH/EX04/User"), "testuser"): Text 'testuser' is set on object 'Object Repository/Training-XPATH/EX04/User'

2566-11-07 18:44:33 - [MESSAGE][PASSED] - Text 'testuser' is set on object 'Object Repository/Training-XPATH/EX04/User'

2566-11-07 18:44:33 - [TEST_STEP][PASSED] - setText(findTestObject("Training-XPATH/EX04/Password"), "testpass"): Text 'testpass' is set on object 'Object Repository/Training-XPATH/EX04/Password'

2566-11-07 18:44:34 - [MESSAGE][PASSED] - Text 'testpass' is set on object 'Object Repository/Training-XPATH/EX04/Password'

2566-11-07 18:44:34 - [TEST_STEP][PASSED] - setText(findTestObject("Training-XPATH/EX04/Nickname"), "testnickname"): Text 'testnickname' is set on object 'Object Repository/Training-XPATH/EX04/Nickname'

2566-11-07 18:44:35 - [MESSAGE][PASSED] - Text 'testnickname' is set on object 'Object Repository/Training-XPATH/EX04/Nickname'

2566-11-07 18:44:35 - [TEST_STEP][PASSED] - closeBrowser(): Browser is closed

2566-11-07 18:44:36 - [MESSAGE][PASSED] - Browser is closed]]></system-out>
         <system-err><![CDATA[]]></system-err>
      </testcase>
      <testcase name="Test Cases/Training-XPATH/XPATH-EX05" time="6.724" classname="Test Cases/Training-XPATH/XPATH-EX05" status="PASSED">
         <system-out><![CDATA[2566-11-07 18:44:36 - [TEST_CASE][PASSED] - Test Cases/Training-XPATH/XPATH-EX05: Test Cases/Training-XPATH/XPATH-EX05

2566-11-07 18:44:36 - [TEST_STEP][PASSED] - openBrowser(""): Browser is opened with url: ''

2566-11-07 18:44:36 - [MESSAGE][INFO] - Starting 'Chrome' driver

2566-11-07 18:44:36 - [MESSAGE][INFO] - Action delay is set to 0 milliseconds

2566-11-07 18:44:38 - [MESSAGE][PASSED] - Browser is opened with url: ''

2566-11-07 18:44:38 - [TEST_STEP][PASSED] - navigateToUrl("D:\Katalon Training\Exercise - XParth\ex05.html"): Navigate to 'file:/D:/Katalon%20Training/Exercise%20-%20XParth/ex05.html' successfully

2566-11-07 18:44:38 - [MESSAGE][PASSED] - Navigate to 'file:/D:/Katalon%20Training/Exercise%20-%20XParth/ex05.html' successfully

2566-11-07 18:44:38 - [TEST_STEP][PASSED] - setText(findTestObject("Training-XPATH/EX05/username"), "testuser"): Text 'testuser' is set on object 'Object Repository/Training-XPATH/EX05/username'

2566-11-07 18:44:39 - [MESSAGE][PASSED] - Text 'testuser' is set on object 'Object Repository/Training-XPATH/EX05/username'

2566-11-07 18:44:39 - [TEST_STEP][PASSED] - setText(findTestObject("Training-XPATH/EX05/password"), "testpass"): Text 'testpass' is set on object 'Object Repository/Training-XPATH/EX05/password'

2566-11-07 18:44:39 - [MESSAGE][PASSED] - Text 'testpass' is set on object 'Object Repository/Training-XPATH/EX05/password'

2566-11-07 18:44:39 - [TEST_STEP][PASSED] - setText(findTestObject("Training-XPATH/EX05/nickname"), "testnickname"): Text 'testnickname' is set on object 'Object Repository/Training-XPATH/EX05/nickname'

2566-11-07 18:44:40 - [MESSAGE][PASSED] - Text 'testnickname' is set on object 'Object Repository/Training-XPATH/EX05/nickname'

2566-11-07 18:44:40 - [TEST_STEP][PASSED] - click(findTestObject("Training-XPATH/EX05/Dropdown")): Object: 'Object Repository/Training-XPATH/EX05/Dropdown' is clicked on

2566-11-07 18:44:41 - [MESSAGE][PASSED] - Object: 'Object Repository/Training-XPATH/EX05/Dropdown' is clicked on

2566-11-07 18:44:41 - [TEST_STEP][PASSED] - click(findTestObject("Training-XPATH/EX05/Doppio")): Object: 'Object Repository/Training-XPATH/EX05/Doppio' is clicked on

2566-11-07 18:44:41 - [MESSAGE][PASSED] - Object: 'Object Repository/Training-XPATH/EX05/Doppio' is clicked on

2566-11-07 18:44:41 - [TEST_STEP][PASSED] - click(findTestObject("Training-XPATH/EX05/checkbox-Iamfine")): Object: 'Object Repository/Training-XPATH/EX05/checkbox-Iamfine' is clicked on

2566-11-07 18:44:41 - [MESSAGE][PASSED] - Object: 'Object Repository/Training-XPATH/EX05/checkbox-Iamfine' is clicked on

2566-11-07 18:44:41 - [TEST_STEP][PASSED] - click(findTestObject("Training-XPATH/EX05/finish-button")): Object: 'Object Repository/Training-XPATH/EX05/finish-button' is clicked on

2566-11-07 18:44:42 - [MESSAGE][PASSED] - Object: 'Object Repository/Training-XPATH/EX05/finish-button' is clicked on

2566-11-07 18:44:42 - [TEST_STEP][PASSED] - closeBrowser(): Browser is closed

2566-11-07 18:44:42 - [MESSAGE][PASSED] - Browser is closed]]></system-out>
         <system-err><![CDATA[]]></system-err>
      </testcase>
      <system-out><![CDATA[2566-11-07 18:44:11 - [TEST_SUITE][PASSED] - Test-XPATH: Test Cases/Training-XPATH/XPATH-EX05]]></system-out>
      <system-err><![CDATA[]]></system-err>
   </testsuite>
</testsuites>
