<?xml version="1.0" encoding="UTF-8"?>
<testsuites name="Java-Code" time="2.629" tests="7" failures="0" errors="0">
   <testsuite name="Java-Code" tests="7" failures="0" errors="0" time="2.629" skipped="0" timestamp="2566-11-07 15:32:47" hostname="Wisanu - GA006556-Wisanu" id="Test Suites/Training-Java/Java-Code">
      <properties>
         <property name="deviceName" value=""/>
         <property name="devicePlatform" value=""/>
         <property name="logFolder" value="C:\\Users\\Admin\\git\\web-testing-demo\\Reports\\25661107_153237\\Training-Java\\Java-Code\\25661107_153237"/>
         <property name="logFiles" value="C:\\Users\\Admin\\git\\web-testing-demo\\Reports\\25661107_153237\\Training-Java\\Java-Code\\25661107_153237\\execution0.log"/>
         <property name="attachments" value=""/>
         <property name="hostName" value="Wisanu - GA006556-Wisanu"/>
         <property name="hostAddress" value="192.168.1.5"/>
         <property name="os" value="Windows 11 64bit"/>
         <property name="katalonVersion" value="8.6.6.208"/>
      </properties>
      <testcase name="Test Cases/Training-Java/Training-1" time="0.397" classname="Test Cases/Training-Java/Training-1" status="PASSED">
         <system-out><![CDATA[2566-11-07 15:32:48 - [TEST_CASE][PASSED] - Test Cases/Training-Java/Training-1: Test Cases/Training-Java/Training-1

2566-11-07 15:32:48 - [TEST_STEP][PASSED] - number = 10: null

2566-11-07 15:32:48 - [TEST_STEP][PASSED] - name = "Palm": null

2566-11-07 15:32:48 - [TEST_STEP][PASSED] - pi = 3.14: null

2566-11-07 15:32:48 - [TEST_STEP][PASSED] - println("Number = " + number): null

2566-11-07 15:32:48 - [TEST_STEP][PASSED] - println("Name = " + name): null

2566-11-07 15:32:48 - [TEST_STEP][PASSED] - println("pi =" + pi): null

2566-11-07 15:32:48 - [TEST_STEP][PASSED] - strNumber = "15": null

2566-11-07 15:32:48 - [TEST_STEP][PASSED] - num = Integer.parseInt(strNumber): null

2566-11-07 15:32:48 - [TEST_STEP][PASSED] - println(TYPE): null

2566-11-07 15:32:48 - [TEST_STEP][PASSED] - println("Number = " + num): null

2566-11-07 15:32:48 - [TEST_STEP][PASSED] - obj = "Hello": null

2566-11-07 15:32:48 - [TEST_STEP][PASSED] - cls = obj.getClass(): null

2566-11-07 15:32:48 - [TEST_STEP][PASSED] - println("Type = " + cls.getName()): null]]></system-out>
         <system-err><![CDATA[]]></system-err>
      </testcase>
      <testcase name="Test Cases/Training-Java/Training-2-Condition" time="0.351" classname="Test Cases/Training-Java/Training-2-Condition" status="PASSED">
         <system-out><![CDATA[2566-11-07 15:32:48 - [TEST_CASE][PASSED] - Test Cases/Training-Java/Training-2-Condition: Test Cases/Training-Java/Training-2-Condition

2566-11-07 15:32:48 - [TEST_STEP][PASSED] - number = 5: null

2566-11-07 15:32:48 - [TEST_STEP][PASSED] - if (number > 5): null

2566-11-07 15:32:48 - [TEST_STEP][PASSED] - else if (number == 5): null

2566-11-07 15:32:49 - [TEST_STEP][PASSED] - println("Number is equal to 5"): null]]></system-out>
         <system-err><![CDATA[]]></system-err>
      </testcase>
      <testcase name="Test Cases/Training-Java/Training-3-ControlFlow" time="0.443" classname="Test Cases/Training-Java/Training-3-ControlFlow" status="PASSED">
         <system-out><![CDATA[2566-11-07 15:32:49 - [TEST_CASE][PASSED] - Test Cases/Training-Java/Training-3-ControlFlow: Test Cases/Training-Java/Training-3-ControlFlow

2566-11-07 15:32:49 - [TEST_STEP][PASSED] - for ([i = 0, i <= 3, (i++)]): null

2566-11-07 15:32:49 - [TEST_STEP][PASSED] - for ([j = 1, j <= 5, (j++)]): null

2566-11-07 15:32:49 - [TEST_STEP][PASSED] - println("i = " + i + ", j = " + j): null

2566-11-07 15:32:49 - [TEST_STEP][PASSED] - println("i = " + i + ", j = " + j): null

2566-11-07 15:32:49 - [TEST_STEP][PASSED] - println("i = " + i + ", j = " + j): null

2566-11-07 15:32:49 - [TEST_STEP][PASSED] - println("i = " + i + ", j = " + j): null

2566-11-07 15:32:49 - [TEST_STEP][PASSED] - println("i = " + i + ", j = " + j): null

2566-11-07 15:32:49 - [TEST_STEP][PASSED] - for ([j = 1, j <= 5, (j++)]): null

2566-11-07 15:32:49 - [TEST_STEP][PASSED] - println("i = " + i + ", j = " + j): null

2566-11-07 15:32:49 - [TEST_STEP][PASSED] - println("i = " + i + ", j = " + j): null

2566-11-07 15:32:49 - [TEST_STEP][PASSED] - println("i = " + i + ", j = " + j): null

2566-11-07 15:32:49 - [TEST_STEP][PASSED] - println("i = " + i + ", j = " + j): null

2566-11-07 15:32:49 - [TEST_STEP][PASSED] - println("i = " + i + ", j = " + j): null

2566-11-07 15:32:49 - [TEST_STEP][PASSED] - for ([j = 1, j <= 5, (j++)]): null

2566-11-07 15:32:49 - [TEST_STEP][PASSED] - println("i = " + i + ", j = " + j): null

2566-11-07 15:32:49 - [TEST_STEP][PASSED] - println("i = " + i + ", j = " + j): null

2566-11-07 15:32:49 - [TEST_STEP][PASSED] - println("i = " + i + ", j = " + j): null

2566-11-07 15:32:49 - [TEST_STEP][PASSED] - println("i = " + i + ", j = " + j): null

2566-11-07 15:32:49 - [TEST_STEP][PASSED] - println("i = " + i + ", j = " + j): null

2566-11-07 15:32:49 - [TEST_STEP][PASSED] - for ([j = 1, j <= 5, (j++)]): null

2566-11-07 15:32:49 - [TEST_STEP][PASSED] - println("i = " + i + ", j = " + j): null

2566-11-07 15:32:49 - [TEST_STEP][PASSED] - println("i = " + i + ", j = " + j): null

2566-11-07 15:32:49 - [TEST_STEP][PASSED] - println("i = " + i + ", j = " + j): null

2566-11-07 15:32:49 - [TEST_STEP][PASSED] - println("i = " + i + ", j = " + j): null

2566-11-07 15:32:49 - [TEST_STEP][PASSED] - println("i = " + i + ", j = " + j): null

2566-11-07 15:32:49 - [TEST_STEP][PASSED] - i = 1: null

2566-11-07 15:32:49 - [TEST_STEP][PASSED] - j = 1: null

2566-11-07 15:32:49 - [TEST_STEP][PASSED] - for ([<not implemented yet for class: org.codehaus.groovy.ast.expr.EmptyExpression>, i <= 3 && j <= 5, (j++)]): null

2566-11-07 15:32:49 - [TEST_STEP][PASSED] - println("i = " + i + ", j = " + j): null

2566-11-07 15:32:49 - [TEST_STEP][PASSED] - if (j == 5): null

2566-11-07 15:32:49 - [TEST_STEP][PASSED] - println("i = " + i + ", j = " + j): null

2566-11-07 15:32:49 - [TEST_STEP][PASSED] - if (j == 5): null

2566-11-07 15:32:49 - [TEST_STEP][PASSED] - println("i = " + i + ", j = " + j): null

2566-11-07 15:32:49 - [TEST_STEP][PASSED] - if (j == 5): null

2566-11-07 15:32:49 - [TEST_STEP][PASSED] - println("i = " + i + ", j = " + j): null

2566-11-07 15:32:49 - [TEST_STEP][PASSED] - if (j == 5): null

2566-11-07 15:32:49 - [TEST_STEP][PASSED] - println("i = " + i + ", j = " + j): null

2566-11-07 15:32:49 - [TEST_STEP][PASSED] - if (j == 5): null

2566-11-07 15:32:49 - [TEST_STEP][PASSED] - (i++): null

2566-11-07 15:32:49 - [TEST_STEP][PASSED] - j = 0: null

2566-11-07 15:32:49 - [TEST_STEP][PASSED] - println("i = " + i + ", j = " + j): null

2566-11-07 15:32:49 - [TEST_STEP][PASSED] - if (j == 5): null

2566-11-07 15:32:49 - [TEST_STEP][PASSED] - println("i = " + i + ", j = " + j): null

2566-11-07 15:32:49 - [TEST_STEP][PASSED] - if (j == 5): null

2566-11-07 15:32:49 - [TEST_STEP][PASSED] - println("i = " + i + ", j = " + j): null

2566-11-07 15:32:49 - [TEST_STEP][PASSED] - if (j == 5): null

2566-11-07 15:32:49 - [TEST_STEP][PASSED] - println("i = " + i + ", j = " + j): null

2566-11-07 15:32:49 - [TEST_STEP][PASSED] - if (j == 5): null

2566-11-07 15:32:49 - [TEST_STEP][PASSED] - println("i = " + i + ", j = " + j): null

2566-11-07 15:32:49 - [TEST_STEP][PASSED] - if (j == 5): null

2566-11-07 15:32:49 - [TEST_STEP][PASSED] - (i++): null

2566-11-07 15:32:49 - [TEST_STEP][PASSED] - j = 0: null

2566-11-07 15:32:49 - [TEST_STEP][PASSED] - println("i = " + i + ", j = " + j): null

2566-11-07 15:32:49 - [TEST_STEP][PASSED] - if (j == 5): null

2566-11-07 15:32:49 - [TEST_STEP][PASSED] - println("i = " + i + ", j = " + j): null

2566-11-07 15:32:49 - [TEST_STEP][PASSED] - if (j == 5): null

2566-11-07 15:32:49 - [TEST_STEP][PASSED] - println("i = " + i + ", j = " + j): null

2566-11-07 15:32:49 - [TEST_STEP][PASSED] - if (j == 5): null

2566-11-07 15:32:49 - [TEST_STEP][PASSED] - println("i = " + i + ", j = " + j): null

2566-11-07 15:32:49 - [TEST_STEP][PASSED] - if (j == 5): null

2566-11-07 15:32:49 - [TEST_STEP][PASSED] - println("i = " + i + ", j = " + j): null

2566-11-07 15:32:49 - [TEST_STEP][PASSED] - if (j == 5): null

2566-11-07 15:32:49 - [TEST_STEP][PASSED] - (i++): null

2566-11-07 15:32:49 - [TEST_STEP][PASSED] - j = 0: null]]></system-out>
         <system-err><![CDATA[]]></system-err>
      </testcase>
      <testcase name="Test Cases/Training-Java/Training-4-Arrays" time="0.353" classname="Test Cases/Training-Java/Training-4-Arrays" status="PASSED">
         <system-out><![CDATA[2566-11-07 15:32:49 - [TEST_CASE][PASSED] - Test Cases/Training-Java/Training-4-Arrays: Test Cases/Training-Java/Training-4-Arrays

2566-11-07 15:32:49 - [TEST_STEP][PASSED] - numbers = [1, 2, 3, 4, 5]: null

2566-11-07 15:32:49 - [TEST_STEP][PASSED] - firstElement = numbers[0]: null

2566-11-07 15:32:49 - [TEST_STEP][PASSED] - secondElement = numbers[1]: null

2566-11-07 15:32:49 - [TEST_STEP][PASSED] - sum = 0: null

2566-11-07 15:32:49 - [TEST_STEP][PASSED] - for (def i : numbers): null

2566-11-07 15:32:49 - [TEST_STEP][PASSED] - sum += i: null

2566-11-07 15:32:49 - [TEST_STEP][PASSED] - sum += i: null

2566-11-07 15:32:49 - [TEST_STEP][PASSED] - sum += i: null

2566-11-07 15:32:49 - [TEST_STEP][PASSED] - sum += i: null

2566-11-07 15:32:49 - [TEST_STEP][PASSED] - sum += i: null

2566-11-07 15:32:49 - [TEST_STEP][PASSED] - println("Total = " + sum): null]]></system-out>
         <system-err><![CDATA[]]></system-err>
      </testcase>
      <testcase name="Test Cases/Training-Java/Training-5-Function" time="0.292" classname="Test Cases/Training-Java/Training-5-Function" status="PASSED">
         <system-out><![CDATA[2566-11-07 15:32:49 - [TEST_CASE][PASSED] - Test Cases/Training-Java/Training-5-Function: Test Cases/Training-Java/Training-5-Function

2566-11-07 15:32:50 - [TEST_STEP][PASSED] - a = 20: null

2566-11-07 15:32:50 - [TEST_STEP][PASSED] - b = 30: null

2566-11-07 15:32:50 - [TEST_STEP][PASSED] - c = example.Training.add(a, b): example.Training.add is PASSED

2566-11-07 15:32:50 - [MESSAGE][PASSED] - example.Training.add is PASSED

2566-11-07 15:32:50 - [TEST_STEP][PASSED] - println("Sum : " + c): null

2566-11-07 15:32:50 - [TEST_STEP][PASSED] - d = example.Training.diff(a, b): example.Training.diff is PASSED

2566-11-07 15:32:50 - [MESSAGE][PASSED] - example.Training.diff is PASSED

2566-11-07 15:32:50 - [TEST_STEP][PASSED] - println("Remain : " + d): null]]></system-out>
         <system-err><![CDATA[]]></system-err>
      </testcase>
      <testcase name="Test Cases/Training-Java/Training-6-Concat" time="0.254" classname="Test Cases/Training-Java/Training-6-Concat" status="PASSED">
         <system-out><![CDATA[2566-11-07 15:32:50 - [TEST_CASE][PASSED] - Test Cases/Training-Java/Training-6-Concat: Test Cases/Training-Java/Training-6-Concat

2566-11-07 15:32:50 - [TEST_STEP][PASSED] - FirstName = "Wisanu": null

2566-11-07 15:32:50 - [TEST_STEP][PASSED] - LastName = "Simalai": null

2566-11-07 15:32:50 - [TEST_STEP][PASSED] - FullName = FirstName + " " + LastName: null

2566-11-07 15:32:50 - [TEST_STEP][PASSED] - println("Fullname : " + FullName): null]]></system-out>
         <system-err><![CDATA[]]></system-err>
      </testcase>
      <testcase name="Test Cases/Training-Java/Training-7-Replace" time="0.235" classname="Test Cases/Training-Java/Training-7-Replace" status="PASSED">
         <system-out><![CDATA[2566-11-07 15:32:50 - [TEST_CASE][PASSED] - Test Cases/Training-Java/Training-7-Replace: Test Cases/Training-Java/Training-7-Replace

2566-11-07 15:32:50 - [TEST_STEP][PASSED] - sentence = "Hello, world! Hello, Java!": null

2566-11-07 15:32:50 - [TEST_STEP][PASSED] - println(sentence): null

2566-11-07 15:32:50 - [TEST_STEP][PASSED] - newSentence = sentence.replace(" Hello", " Hi"): null

2566-11-07 15:32:50 - [TEST_STEP][PASSED] - println(newSentence): null]]></system-out>
         <system-err><![CDATA[]]></system-err>
      </testcase>
      <system-out><![CDATA[2566-11-07 15:32:47 - [TEST_SUITE][PASSED] - Java-Code: Test Cases/Training-Java/Training-7-Replace]]></system-out>
      <system-err><![CDATA[]]></system-err>
   </testsuite>
</testsuites>
