<?xml version="1.0" encoding="UTF-8"?>
<testsuites name="Java-Code" time="3.412" tests="10" failures="0" errors="0">
   <testsuite name="Java-Code" tests="10" failures="0" errors="0" time="3.412" skipped="0" timestamp="2566-11-10 09:47:02" hostname="Wisanu - GA006556-Wisanu" id="Test Suites/Training-Java/Java-Code">
      <properties>
         <property name="deviceName" value=""/>
         <property name="devicePlatform" value=""/>
         <property name="logFolder" value="C:\\Users\\Admin\\git\\web-testing-demo\\Reports\\25661110_094647\\Training-Java\\Java-Code\\25661110_094648"/>
         <property name="logFiles" value="C:\\Users\\Admin\\git\\web-testing-demo\\Reports\\25661110_094647\\Training-Java\\Java-Code\\25661110_094648\\execution0.log"/>
         <property name="attachments" value=""/>
         <property name="hostName" value="Wisanu - GA006556-Wisanu"/>
         <property name="hostAddress" value="192.168.1.5"/>
         <property name="os" value="Windows 11 64bit"/>
         <property name="katalonVersion" value="8.6.6.208"/>
      </properties>
      <testcase name="Test Cases/Training-Java/Training-1" time="0.396" classname="Test Cases/Training-Java/Training-1" status="PASSED">
         <system-out><![CDATA[2566-11-10 09:47:02 - [TEST_CASE][PASSED] - Test Cases/Training-Java/Training-1: Test Cases/Training-Java/Training-1

2566-11-10 09:47:02 - [TEST_STEP][PASSED] - number = 10: null

2566-11-10 09:47:02 - [TEST_STEP][PASSED] - name = "Palm": null

2566-11-10 09:47:02 - [TEST_STEP][PASSED] - pi = 3.14: null

2566-11-10 09:47:02 - [TEST_STEP][PASSED] - println("Number = " + number): null

2566-11-10 09:47:02 - [TEST_STEP][PASSED] - println("Name = " + name): null

2566-11-10 09:47:02 - [TEST_STEP][PASSED] - println("pi =" + pi): null

2566-11-10 09:47:02 - [TEST_STEP][PASSED] - strNumber = "15": null

2566-11-10 09:47:02 - [TEST_STEP][PASSED] - num = Integer.parseInt(strNumber): null

2566-11-10 09:47:02 - [TEST_STEP][PASSED] - println(TYPE): null

2566-11-10 09:47:02 - [TEST_STEP][PASSED] - println("Number = " + num): null

2566-11-10 09:47:02 - [TEST_STEP][PASSED] - obj = "Hello": null

2566-11-10 09:47:02 - [TEST_STEP][PASSED] - cls = obj.getClass(): null

2566-11-10 09:47:02 - [TEST_STEP][PASSED] - println("Type = " + cls.getName()): null]]></system-out>
         <system-err><![CDATA[]]></system-err>
      </testcase>
      <testcase name="Test Cases/Training-Java/Training-2-Condition" time="0.392" classname="Test Cases/Training-Java/Training-2-Condition" status="PASSED">
         <system-out><![CDATA[2566-11-10 09:47:02 - [TEST_CASE][PASSED] - Test Cases/Training-Java/Training-2-Condition: Test Cases/Training-Java/Training-2-Condition

2566-11-10 09:47:03 - [TEST_STEP][PASSED] - number = 5: null

2566-11-10 09:47:03 - [TEST_STEP][PASSED] - if (number > 5): null

2566-11-10 09:47:03 - [TEST_STEP][PASSED] - else if (number == 5): null

2566-11-10 09:47:03 - [TEST_STEP][PASSED] - println("Number is equal to 5"): null]]></system-out>
         <system-err><![CDATA[]]></system-err>
      </testcase>
      <testcase name="Test Cases/Training-Java/Training-3-ControlFlow" time="0.434" classname="Test Cases/Training-Java/Training-3-ControlFlow" status="PASSED">
         <system-out><![CDATA[2566-11-10 09:47:03 - [TEST_CASE][PASSED] - Test Cases/Training-Java/Training-3-ControlFlow: Test Cases/Training-Java/Training-3-ControlFlow

2566-11-10 09:47:03 - [TEST_STEP][PASSED] - for ([i = 0, i <= 3, (i++)]): null

2566-11-10 09:47:03 - [TEST_STEP][PASSED] - for ([j = 1, j <= 5, (j++)]): null

2566-11-10 09:47:03 - [TEST_STEP][PASSED] - println("i = " + i + ", j = " + j): null

2566-11-10 09:47:03 - [TEST_STEP][PASSED] - println("i = " + i + ", j = " + j): null

2566-11-10 09:47:03 - [TEST_STEP][PASSED] - println("i = " + i + ", j = " + j): null

2566-11-10 09:47:03 - [TEST_STEP][PASSED] - println("i = " + i + ", j = " + j): null

2566-11-10 09:47:03 - [TEST_STEP][PASSED] - println("i = " + i + ", j = " + j): null

2566-11-10 09:47:03 - [TEST_STEP][PASSED] - for ([j = 1, j <= 5, (j++)]): null

2566-11-10 09:47:03 - [TEST_STEP][PASSED] - println("i = " + i + ", j = " + j): null

2566-11-10 09:47:03 - [TEST_STEP][PASSED] - println("i = " + i + ", j = " + j): null

2566-11-10 09:47:03 - [TEST_STEP][PASSED] - println("i = " + i + ", j = " + j): null

2566-11-10 09:47:03 - [TEST_STEP][PASSED] - println("i = " + i + ", j = " + j): null

2566-11-10 09:47:03 - [TEST_STEP][PASSED] - println("i = " + i + ", j = " + j): null

2566-11-10 09:47:03 - [TEST_STEP][PASSED] - for ([j = 1, j <= 5, (j++)]): null

2566-11-10 09:47:03 - [TEST_STEP][PASSED] - println("i = " + i + ", j = " + j): null

2566-11-10 09:47:03 - [TEST_STEP][PASSED] - println("i = " + i + ", j = " + j): null

2566-11-10 09:47:03 - [TEST_STEP][PASSED] - println("i = " + i + ", j = " + j): null

2566-11-10 09:47:03 - [TEST_STEP][PASSED] - println("i = " + i + ", j = " + j): null

2566-11-10 09:47:03 - [TEST_STEP][PASSED] - println("i = " + i + ", j = " + j): null

2566-11-10 09:47:03 - [TEST_STEP][PASSED] - for ([j = 1, j <= 5, (j++)]): null

2566-11-10 09:47:03 - [TEST_STEP][PASSED] - println("i = " + i + ", j = " + j): null

2566-11-10 09:47:03 - [TEST_STEP][PASSED] - println("i = " + i + ", j = " + j): null

2566-11-10 09:47:03 - [TEST_STEP][PASSED] - println("i = " + i + ", j = " + j): null

2566-11-10 09:47:03 - [TEST_STEP][PASSED] - println("i = " + i + ", j = " + j): null

2566-11-10 09:47:03 - [TEST_STEP][PASSED] - println("i = " + i + ", j = " + j): null

2566-11-10 09:47:03 - [TEST_STEP][PASSED] - i = 1: null

2566-11-10 09:47:03 - [TEST_STEP][PASSED] - j = 1: null

2566-11-10 09:47:03 - [TEST_STEP][PASSED] - for ([<not implemented yet for class: org.codehaus.groovy.ast.expr.EmptyExpression>, i <= 3 && j <= 5, (j++)]): null

2566-11-10 09:47:03 - [TEST_STEP][PASSED] - println("i = " + i + ", j = " + j): null

2566-11-10 09:47:03 - [TEST_STEP][PASSED] - if (j == 5): null

2566-11-10 09:47:03 - [TEST_STEP][PASSED] - println("i = " + i + ", j = " + j): null

2566-11-10 09:47:03 - [TEST_STEP][PASSED] - if (j == 5): null

2566-11-10 09:47:03 - [TEST_STEP][PASSED] - println("i = " + i + ", j = " + j): null

2566-11-10 09:47:03 - [TEST_STEP][PASSED] - if (j == 5): null

2566-11-10 09:47:03 - [TEST_STEP][PASSED] - println("i = " + i + ", j = " + j): null

2566-11-10 09:47:03 - [TEST_STEP][PASSED] - if (j == 5): null

2566-11-10 09:47:03 - [TEST_STEP][PASSED] - println("i = " + i + ", j = " + j): null

2566-11-10 09:47:03 - [TEST_STEP][PASSED] - if (j == 5): null

2566-11-10 09:47:03 - [TEST_STEP][PASSED] - (i++): null

2566-11-10 09:47:03 - [TEST_STEP][PASSED] - j = 0: null

2566-11-10 09:47:03 - [TEST_STEP][PASSED] - println("i = " + i + ", j = " + j): null

2566-11-10 09:47:03 - [TEST_STEP][PASSED] - if (j == 5): null

2566-11-10 09:47:03 - [TEST_STEP][PASSED] - println("i = " + i + ", j = " + j): null

2566-11-10 09:47:03 - [TEST_STEP][PASSED] - if (j == 5): null

2566-11-10 09:47:03 - [TEST_STEP][PASSED] - println("i = " + i + ", j = " + j): null

2566-11-10 09:47:03 - [TEST_STEP][PASSED] - if (j == 5): null

2566-11-10 09:47:03 - [TEST_STEP][PASSED] - println("i = " + i + ", j = " + j): null

2566-11-10 09:47:03 - [TEST_STEP][PASSED] - if (j == 5): null

2566-11-10 09:47:03 - [TEST_STEP][PASSED] - println("i = " + i + ", j = " + j): null

2566-11-10 09:47:03 - [TEST_STEP][PASSED] - if (j == 5): null

2566-11-10 09:47:03 - [TEST_STEP][PASSED] - (i++): null

2566-11-10 09:47:03 - [TEST_STEP][PASSED] - j = 0: null

2566-11-10 09:47:03 - [TEST_STEP][PASSED] - println("i = " + i + ", j = " + j): null

2566-11-10 09:47:03 - [TEST_STEP][PASSED] - if (j == 5): null

2566-11-10 09:47:03 - [TEST_STEP][PASSED] - println("i = " + i + ", j = " + j): null

2566-11-10 09:47:03 - [TEST_STEP][PASSED] - if (j == 5): null

2566-11-10 09:47:03 - [TEST_STEP][PASSED] - println("i = " + i + ", j = " + j): null

2566-11-10 09:47:03 - [TEST_STEP][PASSED] - if (j == 5): null

2566-11-10 09:47:03 - [TEST_STEP][PASSED] - println("i = " + i + ", j = " + j): null

2566-11-10 09:47:03 - [TEST_STEP][PASSED] - if (j == 5): null

2566-11-10 09:47:03 - [TEST_STEP][PASSED] - println("i = " + i + ", j = " + j): null

2566-11-10 09:47:03 - [TEST_STEP][PASSED] - if (j == 5): null

2566-11-10 09:47:03 - [TEST_STEP][PASSED] - (i++): null

2566-11-10 09:47:03 - [TEST_STEP][PASSED] - j = 0: null]]></system-out>
         <system-err><![CDATA[]]></system-err>
      </testcase>
      <testcase name="Test Cases/Training-Java/Training-4-Arrays" time="0.297" classname="Test Cases/Training-Java/Training-4-Arrays" status="PASSED">
         <system-out><![CDATA[2566-11-10 09:47:03 - [TEST_CASE][PASSED] - Test Cases/Training-Java/Training-4-Arrays: Test Cases/Training-Java/Training-4-Arrays

2566-11-10 09:47:03 - [TEST_STEP][PASSED] - numbers = [1, 2, 3, 4, 5]: null

2566-11-10 09:47:03 - [TEST_STEP][PASSED] - firstElement = numbers[0]: null

2566-11-10 09:47:03 - [TEST_STEP][PASSED] - secondElement = numbers[1]: null

2566-11-10 09:47:03 - [TEST_STEP][PASSED] - sum = 0: null

2566-11-10 09:47:03 - [TEST_STEP][PASSED] - for (def i : numbers): null

2566-11-10 09:47:03 - [TEST_STEP][PASSED] - sum += i: null

2566-11-10 09:47:03 - [TEST_STEP][PASSED] - sum += i: null

2566-11-10 09:47:03 - [TEST_STEP][PASSED] - sum += i: null

2566-11-10 09:47:03 - [TEST_STEP][PASSED] - sum += i: null

2566-11-10 09:47:03 - [TEST_STEP][PASSED] - sum += i: null

2566-11-10 09:47:03 - [TEST_STEP][PASSED] - println("Total = " + sum): null]]></system-out>
         <system-err><![CDATA[]]></system-err>
      </testcase>
      <testcase name="Test Cases/Training-Java/Training-5-Function" time="0.293" classname="Test Cases/Training-Java/Training-5-Function" status="PASSED">
         <system-out><![CDATA[2566-11-10 09:47:03 - [TEST_CASE][PASSED] - Test Cases/Training-Java/Training-5-Function: Test Cases/Training-Java/Training-5-Function

2566-11-10 09:47:04 - [TEST_STEP][PASSED] - a = 20: null

2566-11-10 09:47:04 - [TEST_STEP][PASSED] - b = 30: null

2566-11-10 09:47:04 - [TEST_STEP][PASSED] - c = example.Training.add(a, b): example.Training.add is PASSED

2566-11-10 09:47:04 - [MESSAGE][PASSED] - example.Training.add is PASSED

2566-11-10 09:47:04 - [TEST_STEP][PASSED] - println("Sum : " + c): null

2566-11-10 09:47:04 - [TEST_STEP][PASSED] - d = example.Training.diff(a, b): example.Training.diff is PASSED

2566-11-10 09:47:04 - [MESSAGE][PASSED] - example.Training.diff is PASSED

2566-11-10 09:47:04 - [TEST_STEP][PASSED] - println("Remain : " + d): null]]></system-out>
         <system-err><![CDATA[]]></system-err>
      </testcase>
      <testcase name="Test Cases/Training-Java/Training-6-Concat" time="0.264" classname="Test Cases/Training-Java/Training-6-Concat" status="PASSED">
         <system-out><![CDATA[2566-11-10 09:47:04 - [TEST_CASE][PASSED] - Test Cases/Training-Java/Training-6-Concat: Test Cases/Training-Java/Training-6-Concat

2566-11-10 09:47:04 - [TEST_STEP][PASSED] - FirstName = "Wisanu": null

2566-11-10 09:47:04 - [TEST_STEP][PASSED] - LastName = "Simalai": null

2566-11-10 09:47:04 - [TEST_STEP][PASSED] - FullName = FirstName + " " + LastName: null

2566-11-10 09:47:04 - [TEST_STEP][PASSED] - println("Fullname : " + FullName): null]]></system-out>
         <system-err><![CDATA[]]></system-err>
      </testcase>
      <testcase name="Test Cases/Training-Java/Training-7-Replace" time="0.232" classname="Test Cases/Training-Java/Training-7-Replace" status="PASSED">
         <system-out><![CDATA[2566-11-10 09:47:04 - [TEST_CASE][PASSED] - Test Cases/Training-Java/Training-7-Replace: Test Cases/Training-Java/Training-7-Replace

2566-11-10 09:47:04 - [TEST_STEP][PASSED] - sentence = "Hello, world! Hello, Java!": null

2566-11-10 09:47:04 - [TEST_STEP][PASSED] - println(sentence): null

2566-11-10 09:47:04 - [TEST_STEP][PASSED] - newSentence = sentence.replace(" Hello", " Hi"): null

2566-11-10 09:47:04 - [TEST_STEP][PASSED] - println(newSentence): null]]></system-out>
         <system-err><![CDATA[]]></system-err>
      </testcase>
      <testcase name="Test Cases/Training-Java/Excersice" time="0.263" classname="Test Cases/Training-Java/Excersice" status="PASSED">
         <system-out><![CDATA[2566-11-10 09:47:04 - [TEST_CASE][PASSED] - Test Cases/Training-Java/Excersice: Test Cases/Training-Java/Excersice

2566-11-10 09:47:05 - [TEST_STEP][PASSED] - myNumber = 10: null

2566-11-10 09:47:05 - [TEST_STEP][PASSED] - myDouble = 3.14: null

2566-11-10 09:47:05 - [TEST_STEP][PASSED] - myString = "Hello, Java!": null

2566-11-10 09:47:05 - [TEST_STEP][PASSED] - myStringNumber = "25": null

2566-11-10 09:47:05 - [TEST_STEP][PASSED] - intNumber = Integer.parseInt(myStringNumber): null

2566-11-10 09:47:05 - [TEST_STEP][PASSED] - TotalNum = myNumber + intNumber: null

2566-11-10 09:47:05 - [TEST_STEP][PASSED] - println("TotalNum = " + TotalNum): null

2566-11-10 09:47:05 - [TEST_STEP][PASSED] - if (myNumber > 5): null

2566-11-10 09:47:05 - [TEST_STEP][PASSED] - println("myNumber is greater than 5"): null]]></system-out>
         <system-err><![CDATA[]]></system-err>
      </testcase>
      <testcase name="Test Cases/Training-Java/Excersice-4" time="0.268" classname="Test Cases/Training-Java/Excersice-4" status="PASSED">
         <system-out><![CDATA[2566-11-10 09:47:05 - [TEST_CASE][PASSED] - Test Cases/Training-Java/Excersice-4: Test Cases/Training-Java/Excersice-4

2566-11-10 09:47:05 - [TEST_STEP][PASSED] - for ([i = 1, i < 11, (i++)]): null

2566-11-10 09:47:05 - [TEST_STEP][PASSED] - if (i % 2 != 0): null

2566-11-10 09:47:05 - [TEST_STEP][PASSED] - println(i): null

2566-11-10 09:47:05 - [TEST_STEP][PASSED] - if (i % 2 != 0): null

2566-11-10 09:47:05 - [TEST_STEP][PASSED] - if (i % 2 != 0): null

2566-11-10 09:47:05 - [TEST_STEP][PASSED] - println(i): null

2566-11-10 09:47:05 - [TEST_STEP][PASSED] - if (i % 2 != 0): null

2566-11-10 09:47:05 - [TEST_STEP][PASSED] - if (i % 2 != 0): null

2566-11-10 09:47:05 - [TEST_STEP][PASSED] - println(i): null

2566-11-10 09:47:05 - [TEST_STEP][PASSED] - if (i % 2 != 0): null

2566-11-10 09:47:05 - [TEST_STEP][PASSED] - if (i % 2 != 0): null

2566-11-10 09:47:05 - [TEST_STEP][PASSED] - println(i): null

2566-11-10 09:47:05 - [TEST_STEP][PASSED] - if (i % 2 != 0): null

2566-11-10 09:47:05 - [TEST_STEP][PASSED] - if (i % 2 != 0): null

2566-11-10 09:47:05 - [TEST_STEP][PASSED] - println(i): null

2566-11-10 09:47:05 - [TEST_STEP][PASSED] - if (i % 2 != 0): null

2566-11-10 09:47:05 - [TEST_STEP][PASSED] - for ([i = 2, i <= 20, i += 2]): null

2566-11-10 09:47:05 - [TEST_STEP][PASSED] - println("i = " + i): null

2566-11-10 09:47:05 - [TEST_STEP][PASSED] - println("i = " + i): null

2566-11-10 09:47:05 - [TEST_STEP][PASSED] - println("i = " + i): null

2566-11-10 09:47:05 - [TEST_STEP][PASSED] - println("i = " + i): null

2566-11-10 09:47:05 - [TEST_STEP][PASSED] - println("i = " + i): null

2566-11-10 09:47:05 - [TEST_STEP][PASSED] - println("i = " + i): null

2566-11-10 09:47:05 - [TEST_STEP][PASSED] - println("i = " + i): null

2566-11-10 09:47:05 - [TEST_STEP][PASSED] - println("i = " + i): null

2566-11-10 09:47:05 - [TEST_STEP][PASSED] - println("i = " + i): null

2566-11-10 09:47:05 - [TEST_STEP][PASSED] - println("i = " + i): null

2566-11-10 09:47:05 - [TEST_STEP][PASSED] - for ([i = 1, i <= 12, (i++)]): null

2566-11-10 09:47:05 - [TEST_STEP][PASSED] - b = 5 * i: null

2566-11-10 09:47:05 - [TEST_STEP][PASSED] - println("5 x " + i + " = " + b): null

2566-11-10 09:47:05 - [TEST_STEP][PASSED] - b = 5 * i: null

2566-11-10 09:47:05 - [TEST_STEP][PASSED] - println("5 x " + i + " = " + b): null

2566-11-10 09:47:05 - [TEST_STEP][PASSED] - b = 5 * i: null

2566-11-10 09:47:05 - [TEST_STEP][PASSED] - println("5 x " + i + " = " + b): null

2566-11-10 09:47:05 - [TEST_STEP][PASSED] - b = 5 * i: null

2566-11-10 09:47:05 - [TEST_STEP][PASSED] - println("5 x " + i + " = " + b): null

2566-11-10 09:47:05 - [TEST_STEP][PASSED] - b = 5 * i: null

2566-11-10 09:47:05 - [TEST_STEP][PASSED] - println("5 x " + i + " = " + b): null

2566-11-10 09:47:05 - [TEST_STEP][PASSED] - b = 5 * i: null

2566-11-10 09:47:05 - [TEST_STEP][PASSED] - println("5 x " + i + " = " + b): null

2566-11-10 09:47:05 - [TEST_STEP][PASSED] - b = 5 * i: null

2566-11-10 09:47:05 - [TEST_STEP][PASSED] - println("5 x " + i + " = " + b): null

2566-11-10 09:47:05 - [TEST_STEP][PASSED] - b = 5 * i: null

2566-11-10 09:47:05 - [TEST_STEP][PASSED] - println("5 x " + i + " = " + b): null

2566-11-10 09:47:05 - [TEST_STEP][PASSED] - b = 5 * i: null

2566-11-10 09:47:05 - [TEST_STEP][PASSED] - println("5 x " + i + " = " + b): null

2566-11-10 09:47:05 - [TEST_STEP][PASSED] - b = 5 * i: null

2566-11-10 09:47:05 - [TEST_STEP][PASSED] - println("5 x " + i + " = " + b): null

2566-11-10 09:47:05 - [TEST_STEP][PASSED] - b = 5 * i: null

2566-11-10 09:47:05 - [TEST_STEP][PASSED] - println("5 x " + i + " = " + b): null

2566-11-10 09:47:05 - [TEST_STEP][PASSED] - b = 5 * i: null

2566-11-10 09:47:05 - [TEST_STEP][PASSED] - println("5 x " + i + " = " + b): null]]></system-out>
         <system-err><![CDATA[]]></system-err>
      </testcase>
      <testcase name="Test Cases/Training-Java/Excersice-5" time="0.229" classname="Test Cases/Training-Java/Excersice-5" status="PASSED">
         <system-out><![CDATA[2566-11-10 09:47:05 - [TEST_CASE][PASSED] - Test Cases/Training-Java/Excersice-5: Test Cases/Training-Java/Excersice-5

2566-11-10 09:47:05 - [TEST_STEP][PASSED] - myArrays = [5, 10, 15, 20, 25]: null

2566-11-10 09:47:05 - [TEST_STEP][PASSED] - for (def i : myArrays): null

2566-11-10 09:47:05 - [TEST_STEP][PASSED] - println("i = " + i): null

2566-11-10 09:47:05 - [TEST_STEP][PASSED] - println("i = " + i): null

2566-11-10 09:47:05 - [TEST_STEP][PASSED] - println("i = " + i): null

2566-11-10 09:47:05 - [TEST_STEP][PASSED] - println("i = " + i): null

2566-11-10 09:47:05 - [TEST_STEP][PASSED] - println("i = " + i): null

2566-11-10 09:47:05 - [TEST_STEP][PASSED] - println("The 3rd position of myArrays is : " + myArrays[2]): null]]></system-out>
         <system-err><![CDATA[]]></system-err>
      </testcase>
      <system-out><![CDATA[2566-11-10 09:47:02 - [TEST_SUITE][PASSED] - Java-Code: Test Cases/Training-Java/Excersice-5]]></system-out>
      <system-err><![CDATA[]]></system-err>
   </testsuite>
</testsuites>
