<?xml version="1.0" encoding="UTF-8"?>
<testsuites name="Find-different-place" time="91.228" tests="5" failures="0" errors="0">
   <testsuite name="Find-different-place" tests="5" failures="0" errors="0" time="91.228" skipped="0" timestamp="2566-11-06 11:33:05" hostname="Wisanu - GA006556-Wisanu" id="Test Suites/Data-Driven-Test-Suite/Find-different-place">
      <properties>
         <property name="deviceName" value=""/>
         <property name="devicePlatform" value=""/>
         <property name="logFolder" value="C:\\Users\\Admin\\git\\web-testing-demo\\Reports\\25661106_113254\\Data-Driven-Test-Suite\\Find-different-place\\25661106_113254"/>
         <property name="logFiles" value="C:\\Users\\Admin\\git\\web-testing-demo\\Reports\\25661106_113254\\Data-Driven-Test-Suite\\Find-different-place\\25661106_113254\\execution0.log"/>
         <property name="attachments" value=""/>
         <property name="hostName" value="Wisanu - GA006556-Wisanu"/>
         <property name="os" value="Windows 11 64bit"/>
         <property name="katalonVersion" value="8.6.6.208"/>
         <property name="browser" value="Chrome 118.0.0.0"/>
         <property name="hostAddress" value="192.168.1.5"/>
         <property name="sessionId" value="18e080f9c18cf0e180fd4df451cb9949"/>
         <property name="seleniumVersion" value="3.141.59"/>
         <property name="proxyInformation" value="ProxyInformation { proxyOption=NO_PROXY, proxyServerType=HTTP, username=, password=********, proxyServerAddress=, proxyServerPort=0, executionList=&quot;&quot;, isApplyToDesiredCapabilities=true }"/>
         <property name="platform" value="Windows 11"/>
      </properties>
      <testcase name="Test Cases/Data-Driven Testing/Find a place with data" time="20.774" classname="Test Cases/Data-Driven Testing/Find a place with data" status="PASSED">
         <system-out><![CDATA[2566-11-06 11:33:05 - [TEST_CASE][PASSED] - Test Cases/Data-Driven Testing/Find a place with data: Test Cases/Data-Driven Testing/Find a place with data

2566-11-06 11:33:05 - [TEST_STEP][PASSED] - openBrowser(""): Browser is opened with url: ''

2566-11-06 11:33:06 - [MESSAGE][INFO] - Starting 'Chrome' driver

2566-11-06 11:33:06 - [MESSAGE][INFO] - Action delay is set to 0 milliseconds

2566-11-06 11:33:09 - [MESSAGE][PASSED] - Browser is opened with url: ''

2566-11-06 11:33:09 - [TEST_STEP][PASSED] - navigateToUrl("https://www.airbnb.com/"): Navigate to 'https://www.airbnb.com/' successfully

2566-11-06 11:33:11 - [MESSAGE][PASSED] - Navigate to 'https://www.airbnb.com/' successfully

2566-11-06 11:33:11 - [TEST_STEP][PASSED] - click(findTestObject("Object Repository/Page_Vacation Homes  Condo Rentals - Airbnb/div_Anywhere")): Object: 'Object Repository/Page_Vacation Homes  Condo Rentals - Airbnb/div_Anywhere' is clicked on

2566-11-06 11:33:14 - [MESSAGE][PASSED] - Object: 'Object Repository/Page_Vacation Homes  Condo Rentals - Airbnb/div_Anywhere' is clicked on

2566-11-06 11:33:14 - [TEST_STEP][PASSED] - setText(findTestObject("Object Repository/Page_Vacation Homes  Condo Rentals - Airbnb/input_Where_query"), city): Text 'Atlanta' is set on object 'Object Repository/Page_Vacation Homes  Condo Rentals - Airbnb/input_Where_query'

2566-11-06 11:33:15 - [MESSAGE][PASSED] - Text 'Atlanta' is set on object 'Object Repository/Page_Vacation Homes  Condo Rentals - Airbnb/input_Where_query'

2566-11-06 11:33:15 - [TEST_STEP][PASSED] - click(findTestObject("Object Repository/Page_Vacation Homes  Condo Rentals - Airbnb/div_Add dates")): Object: 'Object Repository/Page_Vacation Homes  Condo Rentals - Airbnb/div_Add dates' is clicked on

2566-11-06 11:33:17 - [MESSAGE][PASSED] - Object: 'Object Repository/Page_Vacation Homes  Condo Rentals - Airbnb/div_Add dates' is clicked on

2566-11-06 11:33:17 - [TEST_STEP][PASSED] - click(findTestObject("Object Repository/Page_Vacation Homes  Condo Rentals - Airbnb/div_1")): Object: 'Object Repository/Page_Vacation Homes  Condo Rentals - Airbnb/div_1' is clicked on

2566-11-06 11:33:17 - [MESSAGE][PASSED] - Object: 'Object Repository/Page_Vacation Homes  Condo Rentals - Airbnb/div_1' is clicked on

2566-11-06 11:33:17 - [TEST_STEP][PASSED] - click(findTestObject("Object Repository/Page_Vacation Homes  Condo Rentals - Airbnb/div_3")): Object: 'Object Repository/Page_Vacation Homes  Condo Rentals - Airbnb/div_3' is clicked on

2566-11-06 11:33:18 - [MESSAGE][PASSED] - Object: 'Object Repository/Page_Vacation Homes  Condo Rentals - Airbnb/div_3' is clicked on

2566-11-06 11:33:18 - [TEST_STEP][PASSED] - click(findTestObject("Object Repository/Page_Vacation Homes  Condo Rentals - Airbnb/div_WhoAdd guests")): Object: 'Object Repository/Page_Vacation Homes  Condo Rentals - Airbnb/div_WhoAdd guests' is clicked on

2566-11-06 11:33:19 - [MESSAGE][PASSED] - Object: 'Object Repository/Page_Vacation Homes  Condo Rentals - Airbnb/div_WhoAdd guests' is clicked on

2566-11-06 11:33:19 - [TEST_STEP][PASSED] - click(findTestObject("Object Repository/Page_Vacation Homes  Condo Rentals - Airbnb/svg")): Object: 'Object Repository/Page_Vacation Homes  Condo Rentals - Airbnb/svg' is clicked on

2566-11-06 11:33:20 - [MESSAGE][PASSED] - Object: 'Object Repository/Page_Vacation Homes  Condo Rentals - Airbnb/svg' is clicked on

2566-11-06 11:33:20 - [TEST_STEP][PASSED] - click(findTestObject("Object Repository/Page_Vacation Homes  Condo Rentals - Airbnb/span_Add guests_t1dqvypu dir dir-ltr")): Object: 'Object Repository/Page_Vacation Homes  Condo Rentals - Airbnb/span_Add guests_t1dqvypu dir dir-ltr' is clicked on

2566-11-06 11:33:20 - [MESSAGE][PASSED] - Object: 'Object Repository/Page_Vacation Homes  Condo Rentals - Airbnb/span_Add guests_t1dqvypu dir dir-ltr' is clicked on

2566-11-06 11:33:20 - [TEST_STEP][PASSED] - verifyElementText(findTestObject("Object Repository/Page_Airbnb  Atlanta - Vacation Rentals  Pl_24d410/div_Atlanta"), expectedResult): Actual text and expected text of test object 'Object Repository/Page_Airbnb  Atlanta - Vacation Rentals  Pl_24d410/div_Atlanta' are matched.

2566-11-06 11:33:25 - [MESSAGE][PASSED] - Actual text and expected text of test object 'Object Repository/Page_Airbnb  Atlanta - Vacation Rentals  Pl_24d410/div_Atlanta' are matched.

2566-11-06 11:33:25 - [TEST_STEP][PASSED] - closeBrowser(): Browser is closed

2566-11-06 11:33:26 - [MESSAGE][PASSED] - Browser is closed]]></system-out>
         <system-err><![CDATA[]]></system-err>
      </testcase>
      <testcase name="Test Cases/Data-Driven Testing/Find a place with data" time="18.176" classname="Test Cases/Data-Driven Testing/Find a place with data" status="PASSED">
         <system-out><![CDATA[2566-11-06 11:33:26 - [TEST_CASE][PASSED] - Test Cases/Data-Driven Testing/Find a place with data: Test Cases/Data-Driven Testing/Find a place with data

2566-11-06 11:33:26 - [TEST_STEP][PASSED] - openBrowser(""): Browser is opened with url: ''

2566-11-06 11:33:26 - [MESSAGE][INFO] - Starting 'Chrome' driver

2566-11-06 11:33:26 - [MESSAGE][INFO] - Action delay is set to 0 milliseconds

2566-11-06 11:33:27 - [MESSAGE][PASSED] - Browser is opened with url: ''

2566-11-06 11:33:27 - [TEST_STEP][PASSED] - navigateToUrl("https://www.airbnb.com/"): Navigate to 'https://www.airbnb.com/' successfully

2566-11-06 11:33:30 - [MESSAGE][PASSED] - Navigate to 'https://www.airbnb.com/' successfully

2566-11-06 11:33:30 - [TEST_STEP][PASSED] - click(findTestObject("Object Repository/Page_Vacation Homes  Condo Rentals - Airbnb/div_Anywhere")): Object: 'Object Repository/Page_Vacation Homes  Condo Rentals - Airbnb/div_Anywhere' is clicked on

2566-11-06 11:33:32 - [MESSAGE][PASSED] - Object: 'Object Repository/Page_Vacation Homes  Condo Rentals - Airbnb/div_Anywhere' is clicked on

2566-11-06 11:33:32 - [TEST_STEP][PASSED] - setText(findTestObject("Object Repository/Page_Vacation Homes  Condo Rentals - Airbnb/input_Where_query"), city): Text 'Tokyo' is set on object 'Object Repository/Page_Vacation Homes  Condo Rentals - Airbnb/input_Where_query'

2566-11-06 11:33:33 - [MESSAGE][PASSED] - Text 'Tokyo' is set on object 'Object Repository/Page_Vacation Homes  Condo Rentals - Airbnb/input_Where_query'

2566-11-06 11:33:33 - [TEST_STEP][PASSED] - click(findTestObject("Object Repository/Page_Vacation Homes  Condo Rentals - Airbnb/div_Add dates")): Object: 'Object Repository/Page_Vacation Homes  Condo Rentals - Airbnb/div_Add dates' is clicked on

2566-11-06 11:33:35 - [MESSAGE][PASSED] - Object: 'Object Repository/Page_Vacation Homes  Condo Rentals - Airbnb/div_Add dates' is clicked on

2566-11-06 11:33:35 - [TEST_STEP][PASSED] - click(findTestObject("Object Repository/Page_Vacation Homes  Condo Rentals - Airbnb/div_1")): Object: 'Object Repository/Page_Vacation Homes  Condo Rentals - Airbnb/div_1' is clicked on

2566-11-06 11:33:36 - [MESSAGE][PASSED] - Object: 'Object Repository/Page_Vacation Homes  Condo Rentals - Airbnb/div_1' is clicked on

2566-11-06 11:33:36 - [TEST_STEP][PASSED] - click(findTestObject("Object Repository/Page_Vacation Homes  Condo Rentals - Airbnb/div_3")): Object: 'Object Repository/Page_Vacation Homes  Condo Rentals - Airbnb/div_3' is clicked on

2566-11-06 11:33:36 - [MESSAGE][PASSED] - Object: 'Object Repository/Page_Vacation Homes  Condo Rentals - Airbnb/div_3' is clicked on

2566-11-06 11:33:36 - [TEST_STEP][PASSED] - click(findTestObject("Object Repository/Page_Vacation Homes  Condo Rentals - Airbnb/div_WhoAdd guests")): Object: 'Object Repository/Page_Vacation Homes  Condo Rentals - Airbnb/div_WhoAdd guests' is clicked on

2566-11-06 11:33:37 - [MESSAGE][PASSED] - Object: 'Object Repository/Page_Vacation Homes  Condo Rentals - Airbnb/div_WhoAdd guests' is clicked on

2566-11-06 11:33:37 - [TEST_STEP][PASSED] - click(findTestObject("Object Repository/Page_Vacation Homes  Condo Rentals - Airbnb/svg")): Object: 'Object Repository/Page_Vacation Homes  Condo Rentals - Airbnb/svg' is clicked on

2566-11-06 11:33:38 - [MESSAGE][PASSED] - Object: 'Object Repository/Page_Vacation Homes  Condo Rentals - Airbnb/svg' is clicked on

2566-11-06 11:33:38 - [TEST_STEP][PASSED] - click(findTestObject("Object Repository/Page_Vacation Homes  Condo Rentals - Airbnb/span_Add guests_t1dqvypu dir dir-ltr")): Object: 'Object Repository/Page_Vacation Homes  Condo Rentals - Airbnb/span_Add guests_t1dqvypu dir dir-ltr' is clicked on

2566-11-06 11:33:39 - [MESSAGE][PASSED] - Object: 'Object Repository/Page_Vacation Homes  Condo Rentals - Airbnb/span_Add guests_t1dqvypu dir dir-ltr' is clicked on

2566-11-06 11:33:39 - [TEST_STEP][PASSED] - verifyElementText(findTestObject("Object Repository/Page_Airbnb  Atlanta - Vacation Rentals  Pl_24d410/div_Atlanta"), expectedResult): Actual text and expected text of test object 'Object Repository/Page_Airbnb  Atlanta - Vacation Rentals  Pl_24d410/div_Atlanta' are matched.

2566-11-06 11:33:43 - [MESSAGE][PASSED] - Actual text and expected text of test object 'Object Repository/Page_Airbnb  Atlanta - Vacation Rentals  Pl_24d410/div_Atlanta' are matched.

2566-11-06 11:33:43 - [TEST_STEP][PASSED] - closeBrowser(): Browser is closed

2566-11-06 11:33:44 - [MESSAGE][PASSED] - Browser is closed]]></system-out>
         <system-err><![CDATA[]]></system-err>
      </testcase>
      <testcase name="Test Cases/Data-Driven Testing/Find a place with data" time="16.874" classname="Test Cases/Data-Driven Testing/Find a place with data" status="PASSED">
         <system-out><![CDATA[2566-11-06 11:33:44 - [TEST_CASE][PASSED] - Test Cases/Data-Driven Testing/Find a place with data: Test Cases/Data-Driven Testing/Find a place with data

2566-11-06 11:33:44 - [TEST_STEP][PASSED] - openBrowser(""): Browser is opened with url: ''

2566-11-06 11:33:44 - [MESSAGE][INFO] - Starting 'Chrome' driver

2566-11-06 11:33:44 - [MESSAGE][INFO] - Action delay is set to 0 milliseconds

2566-11-06 11:33:46 - [MESSAGE][PASSED] - Browser is opened with url: ''

2566-11-06 11:33:46 - [TEST_STEP][PASSED] - navigateToUrl("https://www.airbnb.com/"): Navigate to 'https://www.airbnb.com/' successfully

2566-11-06 11:33:48 - [MESSAGE][PASSED] - Navigate to 'https://www.airbnb.com/' successfully

2566-11-06 11:33:48 - [TEST_STEP][PASSED] - click(findTestObject("Object Repository/Page_Vacation Homes  Condo Rentals - Airbnb/div_Anywhere")): Object: 'Object Repository/Page_Vacation Homes  Condo Rentals - Airbnb/div_Anywhere' is clicked on

2566-11-06 11:33:50 - [MESSAGE][PASSED] - Object: 'Object Repository/Page_Vacation Homes  Condo Rentals - Airbnb/div_Anywhere' is clicked on

2566-11-06 11:33:50 - [TEST_STEP][PASSED] - setText(findTestObject("Object Repository/Page_Vacation Homes  Condo Rentals - Airbnb/input_Where_query"), city): Text 'New York' is set on object 'Object Repository/Page_Vacation Homes  Condo Rentals - Airbnb/input_Where_query'

2566-11-06 11:33:51 - [MESSAGE][PASSED] - Text 'New York' is set on object 'Object Repository/Page_Vacation Homes  Condo Rentals - Airbnb/input_Where_query'

2566-11-06 11:33:52 - [TEST_STEP][PASSED] - click(findTestObject("Object Repository/Page_Vacation Homes  Condo Rentals - Airbnb/div_Add dates")): Object: 'Object Repository/Page_Vacation Homes  Condo Rentals - Airbnb/div_Add dates' is clicked on

2566-11-06 11:33:53 - [MESSAGE][PASSED] - Object: 'Object Repository/Page_Vacation Homes  Condo Rentals - Airbnb/div_Add dates' is clicked on

2566-11-06 11:33:53 - [TEST_STEP][PASSED] - click(findTestObject("Object Repository/Page_Vacation Homes  Condo Rentals - Airbnb/div_1")): Object: 'Object Repository/Page_Vacation Homes  Condo Rentals - Airbnb/div_1' is clicked on

2566-11-06 11:33:54 - [MESSAGE][PASSED] - Object: 'Object Repository/Page_Vacation Homes  Condo Rentals - Airbnb/div_1' is clicked on

2566-11-06 11:33:54 - [TEST_STEP][PASSED] - click(findTestObject("Object Repository/Page_Vacation Homes  Condo Rentals - Airbnb/div_3")): Object: 'Object Repository/Page_Vacation Homes  Condo Rentals - Airbnb/div_3' is clicked on

2566-11-06 11:33:55 - [MESSAGE][PASSED] - Object: 'Object Repository/Page_Vacation Homes  Condo Rentals - Airbnb/div_3' is clicked on

2566-11-06 11:33:55 - [TEST_STEP][PASSED] - click(findTestObject("Object Repository/Page_Vacation Homes  Condo Rentals - Airbnb/div_WhoAdd guests")): Object: 'Object Repository/Page_Vacation Homes  Condo Rentals - Airbnb/div_WhoAdd guests' is clicked on

2566-11-06 11:33:55 - [MESSAGE][PASSED] - Object: 'Object Repository/Page_Vacation Homes  Condo Rentals - Airbnb/div_WhoAdd guests' is clicked on

2566-11-06 11:33:55 - [TEST_STEP][PASSED] - click(findTestObject("Object Repository/Page_Vacation Homes  Condo Rentals - Airbnb/svg")): Object: 'Object Repository/Page_Vacation Homes  Condo Rentals - Airbnb/svg' is clicked on

2566-11-06 11:33:56 - [MESSAGE][PASSED] - Object: 'Object Repository/Page_Vacation Homes  Condo Rentals - Airbnb/svg' is clicked on

2566-11-06 11:33:56 - [TEST_STEP][PASSED] - click(findTestObject("Object Repository/Page_Vacation Homes  Condo Rentals - Airbnb/span_Add guests_t1dqvypu dir dir-ltr")): Object: 'Object Repository/Page_Vacation Homes  Condo Rentals - Airbnb/span_Add guests_t1dqvypu dir dir-ltr' is clicked on

2566-11-06 11:33:57 - [MESSAGE][PASSED] - Object: 'Object Repository/Page_Vacation Homes  Condo Rentals - Airbnb/span_Add guests_t1dqvypu dir dir-ltr' is clicked on

2566-11-06 11:33:57 - [TEST_STEP][PASSED] - verifyElementText(findTestObject("Object Repository/Page_Airbnb  Atlanta - Vacation Rentals  Pl_24d410/div_Atlanta"), expectedResult): Actual text and expected text of test object 'Object Repository/Page_Airbnb  Atlanta - Vacation Rentals  Pl_24d410/div_Atlanta' are matched.

2566-11-06 11:34:00 - [MESSAGE][PASSED] - Actual text and expected text of test object 'Object Repository/Page_Airbnb  Atlanta - Vacation Rentals  Pl_24d410/div_Atlanta' are matched.

2566-11-06 11:34:00 - [TEST_STEP][PASSED] - closeBrowser(): Browser is closed

2566-11-06 11:34:01 - [MESSAGE][PASSED] - Browser is closed]]></system-out>
         <system-err><![CDATA[]]></system-err>
      </testcase>
      <testcase name="Test Cases/Data-Driven Testing/Find a place with data" time="17.621" classname="Test Cases/Data-Driven Testing/Find a place with data" status="PASSED">
         <system-out><![CDATA[2566-11-06 11:34:01 - [TEST_CASE][PASSED] - Test Cases/Data-Driven Testing/Find a place with data: Test Cases/Data-Driven Testing/Find a place with data

2566-11-06 11:34:01 - [TEST_STEP][PASSED] - openBrowser(""): Browser is opened with url: ''

2566-11-06 11:34:01 - [MESSAGE][INFO] - Starting 'Chrome' driver

2566-11-06 11:34:01 - [MESSAGE][INFO] - Action delay is set to 0 milliseconds

2566-11-06 11:34:03 - [MESSAGE][PASSED] - Browser is opened with url: ''

2566-11-06 11:34:03 - [TEST_STEP][PASSED] - navigateToUrl("https://www.airbnb.com/"): Navigate to 'https://www.airbnb.com/' successfully

2566-11-06 11:34:04 - [MESSAGE][PASSED] - Navigate to 'https://www.airbnb.com/' successfully

2566-11-06 11:34:04 - [TEST_STEP][PASSED] - click(findTestObject("Object Repository/Page_Vacation Homes  Condo Rentals - Airbnb/div_Anywhere")): Object: 'Object Repository/Page_Vacation Homes  Condo Rentals - Airbnb/div_Anywhere' is clicked on

2566-11-06 11:34:07 - [MESSAGE][PASSED] - Object: 'Object Repository/Page_Vacation Homes  Condo Rentals - Airbnb/div_Anywhere' is clicked on

2566-11-06 11:34:07 - [TEST_STEP][PASSED] - setText(findTestObject("Object Repository/Page_Vacation Homes  Condo Rentals - Airbnb/input_Where_query"), city): Text 'Bangkok' is set on object 'Object Repository/Page_Vacation Homes  Condo Rentals - Airbnb/input_Where_query'

2566-11-06 11:34:09 - [MESSAGE][PASSED] - Text 'Bangkok' is set on object 'Object Repository/Page_Vacation Homes  Condo Rentals - Airbnb/input_Where_query'

2566-11-06 11:34:09 - [TEST_STEP][PASSED] - click(findTestObject("Object Repository/Page_Vacation Homes  Condo Rentals - Airbnb/div_Add dates")): Object: 'Object Repository/Page_Vacation Homes  Condo Rentals - Airbnb/div_Add dates' is clicked on

2566-11-06 11:34:10 - [MESSAGE][PASSED] - Object: 'Object Repository/Page_Vacation Homes  Condo Rentals - Airbnb/div_Add dates' is clicked on

2566-11-06 11:34:10 - [TEST_STEP][PASSED] - click(findTestObject("Object Repository/Page_Vacation Homes  Condo Rentals - Airbnb/div_1")): Object: 'Object Repository/Page_Vacation Homes  Condo Rentals - Airbnb/div_1' is clicked on

2566-11-06 11:34:10 - [MESSAGE][PASSED] - Object: 'Object Repository/Page_Vacation Homes  Condo Rentals - Airbnb/div_1' is clicked on

2566-11-06 11:34:10 - [TEST_STEP][PASSED] - click(findTestObject("Object Repository/Page_Vacation Homes  Condo Rentals - Airbnb/div_3")): Object: 'Object Repository/Page_Vacation Homes  Condo Rentals - Airbnb/div_3' is clicked on

2566-11-06 11:34:11 - [MESSAGE][PASSED] - Object: 'Object Repository/Page_Vacation Homes  Condo Rentals - Airbnb/div_3' is clicked on

2566-11-06 11:34:11 - [TEST_STEP][PASSED] - click(findTestObject("Object Repository/Page_Vacation Homes  Condo Rentals - Airbnb/div_WhoAdd guests")): Object: 'Object Repository/Page_Vacation Homes  Condo Rentals - Airbnb/div_WhoAdd guests' is clicked on

2566-11-06 11:34:12 - [MESSAGE][PASSED] - Object: 'Object Repository/Page_Vacation Homes  Condo Rentals - Airbnb/div_WhoAdd guests' is clicked on

2566-11-06 11:34:12 - [TEST_STEP][PASSED] - click(findTestObject("Object Repository/Page_Vacation Homes  Condo Rentals - Airbnb/svg")): Object: 'Object Repository/Page_Vacation Homes  Condo Rentals - Airbnb/svg' is clicked on

2566-11-06 11:34:13 - [MESSAGE][PASSED] - Object: 'Object Repository/Page_Vacation Homes  Condo Rentals - Airbnb/svg' is clicked on

2566-11-06 11:34:13 - [TEST_STEP][PASSED] - click(findTestObject("Object Repository/Page_Vacation Homes  Condo Rentals - Airbnb/span_Add guests_t1dqvypu dir dir-ltr")): Object: 'Object Repository/Page_Vacation Homes  Condo Rentals - Airbnb/span_Add guests_t1dqvypu dir dir-ltr' is clicked on

2566-11-06 11:34:13 - [MESSAGE][PASSED] - Object: 'Object Repository/Page_Vacation Homes  Condo Rentals - Airbnb/span_Add guests_t1dqvypu dir dir-ltr' is clicked on

2566-11-06 11:34:13 - [TEST_STEP][PASSED] - verifyElementText(findTestObject("Object Repository/Page_Airbnb  Atlanta - Vacation Rentals  Pl_24d410/div_Atlanta"), expectedResult): Actual text and expected text of test object 'Object Repository/Page_Airbnb  Atlanta - Vacation Rentals  Pl_24d410/div_Atlanta' are matched.

2566-11-06 11:34:18 - [MESSAGE][PASSED] - Actual text and expected text of test object 'Object Repository/Page_Airbnb  Atlanta - Vacation Rentals  Pl_24d410/div_Atlanta' are matched.

2566-11-06 11:34:18 - [TEST_STEP][PASSED] - closeBrowser(): Browser is closed

2566-11-06 11:34:18 - [MESSAGE][PASSED] - Browser is closed]]></system-out>
         <system-err><![CDATA[]]></system-err>
      </testcase>
      <testcase name="Test Cases/Data-Driven Testing/Find a place with data" time="17.293" classname="Test Cases/Data-Driven Testing/Find a place with data" status="PASSED">
         <system-out><![CDATA[2566-11-06 11:34:19 - [TEST_CASE][PASSED] - Test Cases/Data-Driven Testing/Find a place with data: Test Cases/Data-Driven Testing/Find a place with data

2566-11-06 11:34:19 - [TEST_STEP][PASSED] - openBrowser(""): Browser is opened with url: ''

2566-11-06 11:34:19 - [MESSAGE][INFO] - Starting 'Chrome' driver

2566-11-06 11:34:19 - [MESSAGE][INFO] - Action delay is set to 0 milliseconds

2566-11-06 11:34:20 - [MESSAGE][PASSED] - Browser is opened with url: ''

2566-11-06 11:34:20 - [TEST_STEP][PASSED] - navigateToUrl("https://www.airbnb.com/"): Navigate to 'https://www.airbnb.com/' successfully

2566-11-06 11:34:23 - [MESSAGE][PASSED] - Navigate to 'https://www.airbnb.com/' successfully

2566-11-06 11:34:23 - [TEST_STEP][PASSED] - click(findTestObject("Object Repository/Page_Vacation Homes  Condo Rentals - Airbnb/div_Anywhere")): Object: 'Object Repository/Page_Vacation Homes  Condo Rentals - Airbnb/div_Anywhere' is clicked on

2566-11-06 11:34:25 - [MESSAGE][PASSED] - Object: 'Object Repository/Page_Vacation Homes  Condo Rentals - Airbnb/div_Anywhere' is clicked on

2566-11-06 11:34:25 - [TEST_STEP][PASSED] - setText(findTestObject("Object Repository/Page_Vacation Homes  Condo Rentals - Airbnb/input_Where_query"), city): Text 'Seoul' is set on object 'Object Repository/Page_Vacation Homes  Condo Rentals - Airbnb/input_Where_query'

2566-11-06 11:34:27 - [MESSAGE][PASSED] - Text 'Seoul' is set on object 'Object Repository/Page_Vacation Homes  Condo Rentals - Airbnb/input_Where_query'

2566-11-06 11:34:27 - [TEST_STEP][PASSED] - click(findTestObject("Object Repository/Page_Vacation Homes  Condo Rentals - Airbnb/div_Add dates")): Object: 'Object Repository/Page_Vacation Homes  Condo Rentals - Airbnb/div_Add dates' is clicked on

2566-11-06 11:34:28 - [MESSAGE][PASSED] - Object: 'Object Repository/Page_Vacation Homes  Condo Rentals - Airbnb/div_Add dates' is clicked on

2566-11-06 11:34:28 - [TEST_STEP][PASSED] - click(findTestObject("Object Repository/Page_Vacation Homes  Condo Rentals - Airbnb/div_1")): Object: 'Object Repository/Page_Vacation Homes  Condo Rentals - Airbnb/div_1' is clicked on

2566-11-06 11:34:29 - [MESSAGE][PASSED] - Object: 'Object Repository/Page_Vacation Homes  Condo Rentals - Airbnb/div_1' is clicked on

2566-11-06 11:34:29 - [TEST_STEP][PASSED] - click(findTestObject("Object Repository/Page_Vacation Homes  Condo Rentals - Airbnb/div_3")): Object: 'Object Repository/Page_Vacation Homes  Condo Rentals - Airbnb/div_3' is clicked on

2566-11-06 11:34:30 - [MESSAGE][PASSED] - Object: 'Object Repository/Page_Vacation Homes  Condo Rentals - Airbnb/div_3' is clicked on

2566-11-06 11:34:30 - [TEST_STEP][PASSED] - click(findTestObject("Object Repository/Page_Vacation Homes  Condo Rentals - Airbnb/div_WhoAdd guests")): Object: 'Object Repository/Page_Vacation Homes  Condo Rentals - Airbnb/div_WhoAdd guests' is clicked on

2566-11-06 11:34:30 - [MESSAGE][PASSED] - Object: 'Object Repository/Page_Vacation Homes  Condo Rentals - Airbnb/div_WhoAdd guests' is clicked on

2566-11-06 11:34:30 - [TEST_STEP][PASSED] - click(findTestObject("Object Repository/Page_Vacation Homes  Condo Rentals - Airbnb/svg")): Object: 'Object Repository/Page_Vacation Homes  Condo Rentals - Airbnb/svg' is clicked on

2566-11-06 11:34:31 - [MESSAGE][PASSED] - Object: 'Object Repository/Page_Vacation Homes  Condo Rentals - Airbnb/svg' is clicked on

2566-11-06 11:34:31 - [TEST_STEP][PASSED] - click(findTestObject("Object Repository/Page_Vacation Homes  Condo Rentals - Airbnb/span_Add guests_t1dqvypu dir dir-ltr")): Object: 'Object Repository/Page_Vacation Homes  Condo Rentals - Airbnb/span_Add guests_t1dqvypu dir dir-ltr' is clicked on

2566-11-06 11:34:32 - [MESSAGE][PASSED] - Object: 'Object Repository/Page_Vacation Homes  Condo Rentals - Airbnb/span_Add guests_t1dqvypu dir dir-ltr' is clicked on

2566-11-06 11:34:32 - [TEST_STEP][PASSED] - verifyElementText(findTestObject("Object Repository/Page_Airbnb  Atlanta - Vacation Rentals  Pl_24d410/div_Atlanta"), expectedResult): Actual text and expected text of test object 'Object Repository/Page_Airbnb  Atlanta - Vacation Rentals  Pl_24d410/div_Atlanta' are matched.

2566-11-06 11:34:35 - [MESSAGE][PASSED] - Actual text and expected text of test object 'Object Repository/Page_Airbnb  Atlanta - Vacation Rentals  Pl_24d410/div_Atlanta' are matched.

2566-11-06 11:34:35 - [TEST_STEP][PASSED] - closeBrowser(): Browser is closed

2566-11-06 11:34:36 - [MESSAGE][PASSED] - Browser is closed]]></system-out>
         <system-err><![CDATA[]]></system-err>
      </testcase>
      <system-out><![CDATA[2566-11-06 11:33:05 - [TEST_SUITE][PASSED] - Find-different-place: Test Cases/Data-Driven Testing/Find a place with data]]></system-out>
      <system-err><![CDATA[]]></system-err>
   </testsuite>
</testsuites>
