<?xml version="1.0" encoding="UTF-8"?>
<testsuites name="Appoint_System" time="51.498" tests="3" failures="0" errors="0">
   <testsuite name="Appoint_System" tests="3" failures="0" errors="0" time="51.498" skipped="0" timestamp="2566-11-03 16:50:12" hostname="Wisanu - GA006556-Wisanu" id="Test Suites/Web-Testing-Suite/Appoint_System">
      <properties>
         <property name="deviceName" value=""/>
         <property name="devicePlatform" value=""/>
         <property name="logFolder" value="C:\\Users\\Admin\\git\\web-testing-demo\\Reports\\25661103_165002\\Web-Testing-Suite\\Appoint_System\\25661103_165002"/>
         <property name="logFiles" value="C:\\Users\\Admin\\git\\web-testing-demo\\Reports\\25661103_165002\\Web-Testing-Suite\\Appoint_System\\25661103_165002\\execution0.log"/>
         <property name="attachments" value=""/>
         <property name="hostName" value="Wisanu - GA006556-Wisanu"/>
         <property name="os" value="Windows 11 64bit"/>
         <property name="katalonVersion" value="8.6.6.208"/>
         <property name="browser" value="Chrome 118.0.0.0"/>
         <property name="hostAddress" value="192.168.1.5"/>
         <property name="sessionId" value="a769dc28c4b8b383a89300cc935e8662"/>
         <property name="seleniumVersion" value="3.141.59"/>
         <property name="proxyInformation" value="ProxyInformation { proxyOption=NO_PROXY, proxyServerType=HTTP, username=, password=********, proxyServerAddress=, proxyServerPort=0, executionList=&quot;&quot;, isApplyToDesiredCapabilities=true }"/>
         <property name="platform" value="Windows 11"/>
      </properties>
      <testcase name="Test Cases/Web-Testing/Login" time="10.44" classname="Test Cases/Web-Testing/Login" status="PASSED">
         <system-out><![CDATA[2566-11-03 16:50:12 - [TEST_CASE][PASSED] - Test Cases/Web-Testing/Login: Test Cases/Web-Testing/Login

2566-11-03 16:50:13 - [TEST_STEP][PASSED] - openBrowser(""): Browser is opened with url: ''

2566-11-03 16:50:13 - [MESSAGE][INFO] - Starting 'Chrome' driver

2566-11-03 16:50:13 - [MESSAGE][INFO] - Action delay is set to 0 milliseconds

2566-11-03 16:50:16 - [MESSAGE][PASSED] - Browser is opened with url: ''

2566-11-03 16:50:16 - [TEST_STEP][PASSED] - navigateToUrl("https://katalon-demo-cura.herokuapp.com/"): Navigate to 'https://katalon-demo-cura.herokuapp.com/' successfully

2566-11-03 16:50:19 - [MESSAGE][PASSED] - Navigate to 'https://katalon-demo-cura.herokuapp.com/' successfully

2566-11-03 16:50:19 - [TEST_STEP][PASSED] - click(findTestObject("Object Repository/Page_CURA Healthcare Service/a_Make Appointment")): Object: 'Object Repository/Page_CURA Healthcare Service/a_Make Appointment' is clicked on

2566-11-03 16:50:20 - [MESSAGE][PASSED] - Object: 'Object Repository/Page_CURA Healthcare Service/a_Make Appointment' is clicked on

2566-11-03 16:50:20 - [TEST_STEP][PASSED] - setText(findTestObject("Object Repository/Page_CURA Healthcare Service/input_Username_username"), "John Doe"): Text 'John Doe' is set on object 'Object Repository/Page_CURA Healthcare Service/input_Username_username'

2566-11-03 16:50:21 - [MESSAGE][PASSED] - Text 'John Doe' is set on object 'Object Repository/Page_CURA Healthcare Service/input_Username_username'

2566-11-03 16:50:21 - [TEST_STEP][PASSED] - setEncryptedText(findTestObject("Object Repository/Page_CURA Healthcare Service/input_Password_password"), "g3/DOGG74jC3Flrr3yH+3D/yKbOqqUNM"): Text ****** has been set on object 'Object Repository/Page_CURA Healthcare Service/input_Password_password'

2566-11-03 16:50:21 - [MESSAGE][PASSED] - Text ****** has been set on object 'Object Repository/Page_CURA Healthcare Service/input_Password_password'

2566-11-03 16:50:21 - [TEST_STEP][PASSED] - click(findTestObject("Object Repository/Page_CURA Healthcare Service/button_Login")): Object: 'Object Repository/Page_CURA Healthcare Service/button_Login' is clicked on

2566-11-03 16:50:22 - [MESSAGE][PASSED] - Object: 'Object Repository/Page_CURA Healthcare Service/button_Login' is clicked on

2566-11-03 16:50:22 - [TEST_STEP][PASSED] - verifyElementText(findTestObject("Object Repository/Page_CURA Healthcare Service/h2_Make Appointment"), "Make Appointment"): Actual text and expected text of test object 'Object Repository/Page_CURA Healthcare Service/h2_Make Appointment' are matched.

2566-11-03 16:50:23 - [MESSAGE][PASSED] - Actual text and expected text of test object 'Object Repository/Page_CURA Healthcare Service/h2_Make Appointment' are matched.]]></system-out>
         <system-err><![CDATA[]]></system-err>
      </testcase>
      <testcase name="Test Cases/Web-Testing/MakeAppointment" time="30.448" classname="Test Cases/Web-Testing/MakeAppointment" status="PASSED">
         <system-out><![CDATA[2566-11-03 16:50:23 - [TEST_CASE][PASSED] - Test Cases/Web-Testing/MakeAppointment: Test Cases/Web-Testing/MakeAppointment

2566-11-03 16:50:23 - [TEST_STEP][PASSED] - openBrowser(""): Browser is opened with url: ''

2566-11-03 16:50:23 - [MESSAGE][WARNING] - A browser is already opened. Closing browser and opening a new one

2566-11-03 16:50:24 - [MESSAGE][INFO] - Starting 'Chrome' driver

2566-11-03 16:50:24 - [MESSAGE][INFO] - Action delay is set to 0 milliseconds

2566-11-03 16:50:26 - [MESSAGE][PASSED] - Browser is opened with url: ''

2566-11-03 16:50:26 - [TEST_STEP][PASSED] - example.MyKeywords.AppLogin(): example.MyKeywords.AppLogin is PASSED

2566-11-03 16:50:28 - [MESSAGE][PASSED] - Navigate to 'https://katalon-demo-cura.herokuapp.com/' successfully

2566-11-03 16:50:29 - [MESSAGE][PASSED] - Object: 'Object Repository/Page_CURA Healthcare Service/a_Make Appointment' is clicked on

2566-11-03 16:50:30 - [MESSAGE][PASSED] - Text 'John Doe' is set on object 'Object Repository/Page_CURA Healthcare Service/input_Username_username'

2566-11-03 16:50:30 - [MESSAGE][PASSED] - Text ****** has been set on object 'Object Repository/Page_CURA Healthcare Service/input_Password_password'

2566-11-03 16:50:31 - [MESSAGE][PASSED] - Object: 'Object Repository/Page_CURA Healthcare Service/button_Login' is clicked on

2566-11-03 16:50:31 - [MESSAGE][PASSED] - example.MyKeywords.AppLogin is PASSED

2566-11-03 16:50:31 - [TEST_STEP][PASSED] - for (def n : (0..2)): example.MyKeywords.Congrats is PASSED

2566-11-03 16:50:31 - [TEST_STEP][PASSED] - verifyElementText(findTestObject("Object Repository/Page_CURA Healthcare Service/h2_Make Appointment"), "Make Appointment"): Actual text and expected text of test object 'Object Repository/Page_CURA Healthcare Service/h2_Make Appointment' are matched.

2566-11-03 16:50:32 - [MESSAGE][PASSED] - Actual text and expected text of test object 'Object Repository/Page_CURA Healthcare Service/h2_Make Appointment' are matched.

2566-11-03 16:50:32 - [TEST_STEP][PASSED] - selectOptionByValue(findTestObject("Object Repository/Page_CURA Healthcare Service/select_Tokyo CURA Healthcare Center        _5b4107"), "Seoul CURA Healthcare Center", true): All options with value 'Seoul CURA Healthcare Center' are selected in object 'Object Repository/Page_CURA Healthcare Service/select_Tokyo CURA Healthcare Center        _5b4107'  using regular expression

2566-11-03 16:50:33 - [MESSAGE][PASSED] - All options with value 'Seoul CURA Healthcare Center' are selected in object 'Object Repository/Page_CURA Healthcare Service/select_Tokyo CURA Healthcare Center        _5b4107'  using regular expression

2566-11-03 16:50:33 - [TEST_STEP][PASSED] - click(findTestObject("Object Repository/Page_CURA Healthcare Service/label_Apply for hospital readmission")): Object: 'Object Repository/Page_CURA Healthcare Service/label_Apply for hospital readmission' is clicked on

2566-11-03 16:50:33 - [MESSAGE][PASSED] - Object: 'Object Repository/Page_CURA Healthcare Service/label_Apply for hospital readmission' is clicked on

2566-11-03 16:50:33 - [TEST_STEP][PASSED] - if (n == 0): Delayed 1 second(s)

2566-11-03 16:50:33 - [TEST_STEP][PASSED] - click(findTestObject("Page_CURA Healthcare Service/input_Medicaid_programs")): Object: 'Object Repository/Page_CURA Healthcare Service/input_Medicaid_programs' is clicked on

2566-11-03 16:50:34 - [MESSAGE][PASSED] - Object: 'Object Repository/Page_CURA Healthcare Service/input_Medicaid_programs' is clicked on

2566-11-03 16:50:34 - [TEST_STEP][PASSED] - delay(1): Delayed 1 second(s)

2566-11-03 16:50:35 - [MESSAGE][PASSED] - Delayed 1 second(s)

2566-11-03 16:50:35 - [TEST_STEP][PASSED] - click(findTestObject("Object Repository/Page_CURA Healthcare Service/span_Visit Date (Required)_glyphicon glyphi_cada34")): Object: 'Object Repository/Page_CURA Healthcare Service/span_Visit Date (Required)_glyphicon glyphi_cada34' is clicked on

2566-11-03 16:50:35 - [MESSAGE][PASSED] - Object: 'Object Repository/Page_CURA Healthcare Service/span_Visit Date (Required)_glyphicon glyphi_cada34' is clicked on

2566-11-03 16:50:35 - [TEST_STEP][PASSED] - click(findTestObject("Object Repository/Page_CURA Healthcare Service/td_29")): Object: 'Object Repository/Page_CURA Healthcare Service/td_29' is clicked on

2566-11-03 16:50:36 - [MESSAGE][PASSED] - Object: 'Object Repository/Page_CURA Healthcare Service/td_29' is clicked on

2566-11-03 16:50:36 - [TEST_STEP][PASSED] - setText(findTestObject("Object Repository/Page_CURA Healthcare Service/textarea_Comment_comment"), "Test Appointment"): Text 'Test Appointment' is set on object 'Object Repository/Page_CURA Healthcare Service/textarea_Comment_comment'

2566-11-03 16:50:37 - [MESSAGE][PASSED] - Text 'Test Appointment' is set on object 'Object Repository/Page_CURA Healthcare Service/textarea_Comment_comment'

2566-11-03 16:50:37 - [TEST_STEP][PASSED] - click(findTestObject("Object Repository/Page_CURA Healthcare Service/button_Book Appointment")): Object: 'Object Repository/Page_CURA Healthcare Service/button_Book Appointment' is clicked on

2566-11-03 16:50:37 - [MESSAGE][PASSED] - Object: 'Object Repository/Page_CURA Healthcare Service/button_Book Appointment' is clicked on

2566-11-03 16:50:37 - [TEST_STEP][PASSED] - navigateToUrl("https://katalon-demo-cura.herokuapp.com/appointment.php#summary"): Navigate to 'https://katalon-demo-cura.herokuapp.com/appointment.php#summary' successfully

2566-11-03 16:50:37 - [MESSAGE][PASSED] - Navigate to 'https://katalon-demo-cura.herokuapp.com/appointment.php#summary' successfully

2566-11-03 16:50:37 - [TEST_STEP][PASSED] - verifyElementText(findTestObject("Object Repository/Page_CURA Healthcare Service/h2_Appointment Confirmation"), "Appointment Confirmation"): Actual text and expected text of test object 'Object Repository/Page_CURA Healthcare Service/h2_Appointment Confirmation' are matched.

2566-11-03 16:50:38 - [MESSAGE][PASSED] - Actual text and expected text of test object 'Object Repository/Page_CURA Healthcare Service/h2_Appointment Confirmation' are matched.

2566-11-03 16:50:38 - [TEST_STEP][PASSED] - click(findTestObject("Object Repository/Page_CURA Healthcare Service/a_Go to Homepage")): Object: 'Object Repository/Page_CURA Healthcare Service/a_Go to Homepage' is clicked on

2566-11-03 16:50:39 - [MESSAGE][PASSED] - Object: 'Object Repository/Page_CURA Healthcare Service/a_Go to Homepage' is clicked on

2566-11-03 16:50:39 - [TEST_STEP][PASSED] - example.MyKeywords.Congrats(""): example.MyKeywords.Congrats is PASSED

2566-11-03 16:50:39 - [MESSAGE][PASSED] - example.MyKeywords.Congrats is PASSED

2566-11-03 16:50:39 - [TEST_STEP][PASSED] - verifyElementText(findTestObject("Object Repository/Page_CURA Healthcare Service/h2_Make Appointment"), "Make Appointment"): Actual text and expected text of test object 'Object Repository/Page_CURA Healthcare Service/h2_Make Appointment' are matched.

2566-11-03 16:50:39 - [MESSAGE][PASSED] - Actual text and expected text of test object 'Object Repository/Page_CURA Healthcare Service/h2_Make Appointment' are matched.

2566-11-03 16:50:39 - [TEST_STEP][PASSED] - selectOptionByValue(findTestObject("Object Repository/Page_CURA Healthcare Service/select_Tokyo CURA Healthcare Center        _5b4107"), "Seoul CURA Healthcare Center", true): All options with value 'Seoul CURA Healthcare Center' are selected in object 'Object Repository/Page_CURA Healthcare Service/select_Tokyo CURA Healthcare Center        _5b4107'  using regular expression

2566-11-03 16:50:40 - [MESSAGE][PASSED] - All options with value 'Seoul CURA Healthcare Center' are selected in object 'Object Repository/Page_CURA Healthcare Service/select_Tokyo CURA Healthcare Center        _5b4107'  using regular expression

2566-11-03 16:50:40 - [TEST_STEP][PASSED] - click(findTestObject("Object Repository/Page_CURA Healthcare Service/label_Apply for hospital readmission")): Object: 'Object Repository/Page_CURA Healthcare Service/label_Apply for hospital readmission' is clicked on

2566-11-03 16:50:40 - [MESSAGE][PASSED] - Object: 'Object Repository/Page_CURA Healthcare Service/label_Apply for hospital readmission' is clicked on

2566-11-03 16:50:40 - [TEST_STEP][PASSED] - if (n == 0): null

2566-11-03 16:50:40 - [TEST_STEP][PASSED] - else if (n == 1): Delayed 1 second(s)

2566-11-03 16:50:40 - [TEST_STEP][PASSED] - click(findTestObject("Page_CURA Healthcare Service/input_Medicare_programs")): Object: 'Object Repository/Page_CURA Healthcare Service/input_Medicare_programs' is clicked on

2566-11-03 16:50:41 - [MESSAGE][PASSED] - Object: 'Object Repository/Page_CURA Healthcare Service/input_Medicare_programs' is clicked on

2566-11-03 16:50:41 - [TEST_STEP][PASSED] - delay(1): Delayed 1 second(s)

2566-11-03 16:50:42 - [MESSAGE][PASSED] - Delayed 1 second(s)

2566-11-03 16:50:42 - [TEST_STEP][PASSED] - click(findTestObject("Object Repository/Page_CURA Healthcare Service/span_Visit Date (Required)_glyphicon glyphi_cada34")): Object: 'Object Repository/Page_CURA Healthcare Service/span_Visit Date (Required)_glyphicon glyphi_cada34' is clicked on

2566-11-03 16:50:42 - [MESSAGE][PASSED] - Object: 'Object Repository/Page_CURA Healthcare Service/span_Visit Date (Required)_glyphicon glyphi_cada34' is clicked on

2566-11-03 16:50:42 - [TEST_STEP][PASSED] - click(findTestObject("Object Repository/Page_CURA Healthcare Service/td_29")): Object: 'Object Repository/Page_CURA Healthcare Service/td_29' is clicked on

2566-11-03 16:50:43 - [MESSAGE][PASSED] - Object: 'Object Repository/Page_CURA Healthcare Service/td_29' is clicked on

2566-11-03 16:50:43 - [TEST_STEP][PASSED] - setText(findTestObject("Object Repository/Page_CURA Healthcare Service/textarea_Comment_comment"), "Test Appointment"): Text 'Test Appointment' is set on object 'Object Repository/Page_CURA Healthcare Service/textarea_Comment_comment'

2566-11-03 16:50:44 - [MESSAGE][PASSED] - Text 'Test Appointment' is set on object 'Object Repository/Page_CURA Healthcare Service/textarea_Comment_comment'

2566-11-03 16:50:44 - [TEST_STEP][PASSED] - click(findTestObject("Object Repository/Page_CURA Healthcare Service/button_Book Appointment")): Object: 'Object Repository/Page_CURA Healthcare Service/button_Book Appointment' is clicked on

2566-11-03 16:50:44 - [MESSAGE][PASSED] - Object: 'Object Repository/Page_CURA Healthcare Service/button_Book Appointment' is clicked on

2566-11-03 16:50:44 - [TEST_STEP][PASSED] - navigateToUrl("https://katalon-demo-cura.herokuapp.com/appointment.php#summary"): Navigate to 'https://katalon-demo-cura.herokuapp.com/appointment.php#summary' successfully

2566-11-03 16:50:44 - [MESSAGE][PASSED] - Navigate to 'https://katalon-demo-cura.herokuapp.com/appointment.php#summary' successfully

2566-11-03 16:50:44 - [TEST_STEP][PASSED] - verifyElementText(findTestObject("Object Repository/Page_CURA Healthcare Service/h2_Appointment Confirmation"), "Appointment Confirmation"): Actual text and expected text of test object 'Object Repository/Page_CURA Healthcare Service/h2_Appointment Confirmation' are matched.

2566-11-03 16:50:45 - [MESSAGE][PASSED] - Actual text and expected text of test object 'Object Repository/Page_CURA Healthcare Service/h2_Appointment Confirmation' are matched.

2566-11-03 16:50:45 - [TEST_STEP][PASSED] - click(findTestObject("Object Repository/Page_CURA Healthcare Service/a_Go to Homepage")): Object: 'Object Repository/Page_CURA Healthcare Service/a_Go to Homepage' is clicked on

2566-11-03 16:50:46 - [MESSAGE][PASSED] - Object: 'Object Repository/Page_CURA Healthcare Service/a_Go to Homepage' is clicked on

2566-11-03 16:50:46 - [TEST_STEP][PASSED] - example.MyKeywords.Congrats(""): example.MyKeywords.Congrats is PASSED

2566-11-03 16:50:46 - [MESSAGE][PASSED] - example.MyKeywords.Congrats is PASSED

2566-11-03 16:50:46 - [TEST_STEP][PASSED] - verifyElementText(findTestObject("Object Repository/Page_CURA Healthcare Service/h2_Make Appointment"), "Make Appointment"): Actual text and expected text of test object 'Object Repository/Page_CURA Healthcare Service/h2_Make Appointment' are matched.

2566-11-03 16:50:46 - [MESSAGE][PASSED] - Actual text and expected text of test object 'Object Repository/Page_CURA Healthcare Service/h2_Make Appointment' are matched.

2566-11-03 16:50:46 - [TEST_STEP][PASSED] - selectOptionByValue(findTestObject("Object Repository/Page_CURA Healthcare Service/select_Tokyo CURA Healthcare Center        _5b4107"), "Seoul CURA Healthcare Center", true): All options with value 'Seoul CURA Healthcare Center' are selected in object 'Object Repository/Page_CURA Healthcare Service/select_Tokyo CURA Healthcare Center        _5b4107'  using regular expression

2566-11-03 16:50:47 - [MESSAGE][PASSED] - All options with value 'Seoul CURA Healthcare Center' are selected in object 'Object Repository/Page_CURA Healthcare Service/select_Tokyo CURA Healthcare Center        _5b4107'  using regular expression

2566-11-03 16:50:47 - [TEST_STEP][PASSED] - click(findTestObject("Object Repository/Page_CURA Healthcare Service/label_Apply for hospital readmission")): Object: 'Object Repository/Page_CURA Healthcare Service/label_Apply for hospital readmission' is clicked on

2566-11-03 16:50:48 - [MESSAGE][PASSED] - Object: 'Object Repository/Page_CURA Healthcare Service/label_Apply for hospital readmission' is clicked on

2566-11-03 16:50:48 - [TEST_STEP][PASSED] - if (n == 0): null

2566-11-03 16:50:48 - [TEST_STEP][PASSED] - else if (n == 1): null

2566-11-03 16:50:48 - [TEST_STEP][PASSED] - else: Delayed 1 second(s)

2566-11-03 16:50:48 - [TEST_STEP][PASSED] - click(findTestObject("Page_CURA Healthcare Service/input_None_programs")): Object: 'Object Repository/Page_CURA Healthcare Service/input_None_programs' is clicked on

2566-11-03 16:50:48 - [MESSAGE][PASSED] - Object: 'Object Repository/Page_CURA Healthcare Service/input_None_programs' is clicked on

2566-11-03 16:50:48 - [TEST_STEP][PASSED] - delay(1): Delayed 1 second(s)

2566-11-03 16:50:49 - [MESSAGE][PASSED] - Delayed 1 second(s)

2566-11-03 16:50:49 - [TEST_STEP][PASSED] - click(findTestObject("Object Repository/Page_CURA Healthcare Service/span_Visit Date (Required)_glyphicon glyphi_cada34")): Object: 'Object Repository/Page_CURA Healthcare Service/span_Visit Date (Required)_glyphicon glyphi_cada34' is clicked on

2566-11-03 16:50:49 - [MESSAGE][PASSED] - Object: 'Object Repository/Page_CURA Healthcare Service/span_Visit Date (Required)_glyphicon glyphi_cada34' is clicked on

2566-11-03 16:50:49 - [TEST_STEP][PASSED] - click(findTestObject("Object Repository/Page_CURA Healthcare Service/td_29")): Object: 'Object Repository/Page_CURA Healthcare Service/td_29' is clicked on

2566-11-03 16:50:50 - [MESSAGE][PASSED] - Object: 'Object Repository/Page_CURA Healthcare Service/td_29' is clicked on

2566-11-03 16:50:50 - [TEST_STEP][PASSED] - setText(findTestObject("Object Repository/Page_CURA Healthcare Service/textarea_Comment_comment"), "Test Appointment"): Text 'Test Appointment' is set on object 'Object Repository/Page_CURA Healthcare Service/textarea_Comment_comment'

2566-11-03 16:50:51 - [MESSAGE][PASSED] - Text 'Test Appointment' is set on object 'Object Repository/Page_CURA Healthcare Service/textarea_Comment_comment'

2566-11-03 16:50:51 - [TEST_STEP][PASSED] - click(findTestObject("Object Repository/Page_CURA Healthcare Service/button_Book Appointment")): Object: 'Object Repository/Page_CURA Healthcare Service/button_Book Appointment' is clicked on

2566-11-03 16:50:51 - [MESSAGE][PASSED] - Object: 'Object Repository/Page_CURA Healthcare Service/button_Book Appointment' is clicked on

2566-11-03 16:50:51 - [TEST_STEP][PASSED] - navigateToUrl("https://katalon-demo-cura.herokuapp.com/appointment.php#summary"): Navigate to 'https://katalon-demo-cura.herokuapp.com/appointment.php#summary' successfully

2566-11-03 16:50:51 - [MESSAGE][PASSED] - Navigate to 'https://katalon-demo-cura.herokuapp.com/appointment.php#summary' successfully

2566-11-03 16:50:51 - [TEST_STEP][PASSED] - verifyElementText(findTestObject("Object Repository/Page_CURA Healthcare Service/h2_Appointment Confirmation"), "Appointment Confirmation"): Actual text and expected text of test object 'Object Repository/Page_CURA Healthcare Service/h2_Appointment Confirmation' are matched.

2566-11-03 16:50:52 - [MESSAGE][PASSED] - Actual text and expected text of test object 'Object Repository/Page_CURA Healthcare Service/h2_Appointment Confirmation' are matched.

2566-11-03 16:50:52 - [TEST_STEP][PASSED] - click(findTestObject("Object Repository/Page_CURA Healthcare Service/a_Go to Homepage")): Object: 'Object Repository/Page_CURA Healthcare Service/a_Go to Homepage' is clicked on

2566-11-03 16:50:53 - [MESSAGE][PASSED] - Object: 'Object Repository/Page_CURA Healthcare Service/a_Go to Homepage' is clicked on

2566-11-03 16:50:53 - [TEST_STEP][PASSED] - example.MyKeywords.Congrats(""): example.MyKeywords.Congrats is PASSED

2566-11-03 16:50:53 - [MESSAGE][PASSED] - example.MyKeywords.Congrats is PASSED

2566-11-03 16:50:53 - [TEST_STEP][PASSED] - closeBrowser(): Browser is closed

2566-11-03 16:50:53 - [MESSAGE][PASSED] - Browser is closed]]></system-out>
         <system-err><![CDATA[]]></system-err>
      </testcase>
      <testcase name="Test Cases/Web-Testing/Login-with-variable" time="10.302" classname="Test Cases/Web-Testing/Login-with-variable" status="PASSED">
         <system-out><![CDATA[2566-11-03 16:50:53 - [TEST_CASE][PASSED] - Test Cases/Web-Testing/Login-with-variable: Test Cases/Web-Testing/Login-with-variable

2566-11-03 16:50:54 - [TEST_STEP][PASSED] - openBrowser(""): Browser is opened with url: ''

2566-11-03 16:50:54 - [MESSAGE][INFO] - Starting 'Chrome' driver

2566-11-03 16:50:54 - [MESSAGE][INFO] - Action delay is set to 0 milliseconds

2566-11-03 16:50:56 - [MESSAGE][PASSED] - Browser is opened with url: ''

2566-11-03 16:50:56 - [TEST_STEP][PASSED] - expected_title = <not implemented yet for class: org.codehaus.groovy.ast.expr.EmptyExpression>: null

2566-11-03 16:50:56 - [TEST_STEP][PASSED] - navigateToUrl(base_url): Navigate to 'https://katalon-demo-cura.herokuapp.com/' successfully

2566-11-03 16:50:59 - [MESSAGE][PASSED] - Navigate to 'https://katalon-demo-cura.herokuapp.com/' successfully

2566-11-03 16:50:59 - [TEST_STEP][PASSED] - click(findTestObject("Object Repository/Page_CURA Healthcare Service/a_Make Appointment")): Object: 'Object Repository/Page_CURA Healthcare Service/a_Make Appointment' is clicked on

2566-11-03 16:50:59 - [MESSAGE][PASSED] - Object: 'Object Repository/Page_CURA Healthcare Service/a_Make Appointment' is clicked on

2566-11-03 16:50:59 - [TEST_STEP][PASSED] - click(findTestObject("Object Repository/Page_CURA Healthcare Service/body_CURA Healthcare                       _fb9a78")): Object: 'Object Repository/Page_CURA Healthcare Service/body_CURA Healthcare                       _fb9a78' is clicked on

2566-11-03 16:51:00 - [MESSAGE][PASSED] - Object: 'Object Repository/Page_CURA Healthcare Service/body_CURA Healthcare                       _fb9a78' is clicked on

2566-11-03 16:51:00 - [TEST_STEP][PASSED] - setText(findTestObject("Object Repository/Page_CURA Healthcare Service/input_Username_username"), username): Text 'John Doe' is set on object 'Object Repository/Page_CURA Healthcare Service/input_Username_username'

2566-11-03 16:51:01 - [MESSAGE][PASSED] - Text 'John Doe' is set on object 'Object Repository/Page_CURA Healthcare Service/input_Username_username'

2566-11-03 16:51:01 - [TEST_STEP][PASSED] - setText(findTestObject("Object Repository/Page_CURA Healthcare Service/input_Password_password"), password): Text 'ThisIsNotAPassword' is set on object 'Object Repository/Page_CURA Healthcare Service/input_Password_password'

2566-11-03 16:51:01 - [MESSAGE][PASSED] - Text 'ThisIsNotAPassword' is set on object 'Object Repository/Page_CURA Healthcare Service/input_Password_password'

2566-11-03 16:51:01 - [TEST_STEP][PASSED] - click(findTestObject("Object Repository/Page_CURA Healthcare Service/button_Login")): Object: 'Object Repository/Page_CURA Healthcare Service/button_Login' is clicked on

2566-11-03 16:51:03 - [MESSAGE][PASSED] - Object: 'Object Repository/Page_CURA Healthcare Service/button_Login' is clicked on

2566-11-03 16:51:03 - [TEST_STEP][PASSED] - actual_title = getText(findTestObject("Page_CURA Healthcare Service/h2_Make Appointment")): Text of object 'Object Repository/Page_CURA Healthcare Service/h2_Make Appointment' is: 'Make Appointment'

2566-11-03 16:51:03 - [MESSAGE][PASSED] - Text of object 'Object Repository/Page_CURA Healthcare Service/h2_Make Appointment' is: 'Make Appointment'

2566-11-03 16:51:03 - [TEST_STEP][PASSED] - expected_title = "Make Appointment": null

2566-11-03 16:51:03 - [TEST_STEP][PASSED] - verifyEqual(actual_title, expected_title): Actual object 'Make Appointment' and expected object 'Make Appointment' are equal

2566-11-03 16:51:03 - [MESSAGE][PASSED] - Actual object 'Make Appointment' and expected object 'Make Appointment' are equal

2566-11-03 16:51:03 - [TEST_STEP][PASSED] - closeBrowser(): Browser is closed

2566-11-03 16:51:04 - [MESSAGE][PASSED] - Browser is closed]]></system-out>
         <system-err><![CDATA[]]></system-err>
      </testcase>
      <system-out><![CDATA[2566-11-03 16:50:12 - [TEST_SUITE][PASSED] - Appoint_System: Test Cases/Web-Testing/Login-with-variable]]></system-out>
      <system-err><![CDATA[]]></system-err>
   </testsuite>
</testsuites>
